{"meta": {"format": 3, "version": "7.13.5", "timestamp": "2026-04-28T18:11:42.374604", "branch_coverage": false, "show_contexts": false}, "files": {"api_fuzzer.py": {"executed_lines": [], "summary": {"covered_lines": 0, "num_statements": 140, "percent_covered": 0.0, "percent_covered_display": "0", "missing_lines": 140, "excluded_lines": 0, "percent_statements_covered": 0.0, "percent_statements_covered_display": "0"}, "missing_lines": [8, 9, 10, 11, 12, 13, 16, 17, 18, 19, 20, 21, 22, 25, 26, 27, 28, 29, 30, 31, 34, 35, 36, 37, 38, 39, 40, 41, 42, 45, 48, 49, 50, 51, 53, 56, 58, 59, 60, 61, 62, 63, 64, 65, 66, 67, 68, 69, 71, 73, 75, 78, 87, 88, 97, 98, 106, 108, 110, 113, 114, 123, 124, 133, 134, 142, 144, 146, 149, 158, 167, 168, 176, 178, 180, 182, 183, 191, 193, 195, 198, 207, 216, 224, 226, 228, 231, 240, 249, 257, 259, 265, 267, 268, 271, 273, 275, 286, 287, 289, 290, 292, 295, 296, 297, 298, 299, 300, 301, 302, 304, 307, 310, 311, 313, 314, 315, 317, 320, 322, 323, 324, 325, 327, 329, 339, 340, 341, 343, 346, 347, 349, 350, 353, 354, 356, 357, 358, 359, 360], "excluded_lines": [], "functions": {"APIFuzzer.__init__": {"executed_lines": [], "summary": {"covered_lines": 0, "num_statements": 3, "percent_covered": 0.0, "percent_covered_display": "0", "missing_lines": 3, "excluded_lines": 0, "percent_statements_covered": 0.0, "percent_statements_covered_display": "0"}, "missing_lines": [49, 50, 51], "excluded_lines": [], "start_line": 48}, "APIFuzzer.generate_fuzz_inputs": {"executed_lines": [], "summary": {"covered_lines": 0, "num_statements": 14, "percent_covered": 0.0, "percent_covered_display": "0", "missing_lines": 14, "excluded_lines": 0, "percent_statements_covered": 0.0, "percent_statements_covered_display": "0"}, "missing_lines": [56, 58, 59, 60, 61, 62, 63, 64, 65, 66, 67, 68, 69, 71], "excluded_lines": [], "start_line": 53}, "APIFuzzer._generate_length_fuzz": {"executed_lines": [], "summary": {"covered_lines": 0, "num_statements": 7, "percent_covered": 0.0, "percent_covered_display": "0", "missing_lines": 7, "excluded_lines": 0, "percent_statements_covered": 0.0, "percent_statements_covered_display": "0"}, "missing_lines": [75, 78, 87, 88, 97, 98, 106], "excluded_lines": [], "start_line": 73}, "APIFuzzer._generate_encoding_fuzz": {"executed_lines": [], "summary": {"covered_lines": 0, "num_statements": 8, "percent_covered": 0.0, "percent_covered_display": "0", "missing_lines": 8, "excluded_lines": 0, "percent_statements_covered": 0.0, "percent_statements_covered_display": "0"}, "missing_lines": [110, 113, 114, 123, 124, 133, 134, 142], "excluded_lines": [], "start_line": 108}, "APIFuzzer._generate_structure_fuzz": {"executed_lines": [], "summary": {"covered_lines": 0, "num_statements": 6, "percent_covered": 0.0, "percent_covered_display": "0", "missing_lines": 6, "excluded_lines": 0, "percent_statements_covered": 0.0, "percent_statements_covered_display": "0"}, "missing_lines": [146, 149, 158, 167, 168, 176], "excluded_lines": [], "start_line": 144}, "APIFuzzer._generate_rate_fuzz": {"executed_lines": [], "summary": {"covered_lines": 0, "num_statements": 4, "percent_covered": 0.0, "percent_covered_display": "0", "missing_lines": 4, "excluded_lines": 0, "percent_statements_covered": 0.0, "percent_statements_covered_display": "0"}, "missing_lines": [180, 182, 183, 191], "excluded_lines": [], "start_line": 178}, "APIFuzzer._generate_semantic_fuzz": {"executed_lines": [], "summary": {"covered_lines": 0, "num_statements": 5, "percent_covered": 0.0, "percent_covered_display": "0", "missing_lines": 5, "excluded_lines": 0, "percent_statements_covered": 0.0, "percent_statements_covered_display": "0"}, "missing_lines": [195, 198, 207, 216, 224], "excluded_lines": [], "start_line": 193}, "APIFuzzer._generate_injection_fuzz": {"executed_lines": [], "summary": {"covered_lines": 0, "num_statements": 5, "percent_covered": 0.0, "percent_covered_display": "0", "missing_lines": 5, "excluded_lines": 0, "percent_statements_covered": 0.0, "percent_statements_covered_display": "0"}, "missing_lines": [228, 231, 240, 249, 257], "excluded_lines": [], "start_line": 226}, "APIFuzzer.run_fuzz_campaign": {"executed_lines": [], "summary": {"covered_lines": 0, "num_statements": 10, "percent_covered": 0.0, "percent_covered_display": "0", "missing_lines": 10, "excluded_lines": 0, "percent_statements_covered": 0.0, "percent_statements_covered_display": "0"}, "missing_lines": [265, 267, 268, 271, 273, 275, 286, 287, 289, 290], "excluded_lines": [], "start_line": 259}, "APIFuzzer._simulate_fuzz_call": {"executed_lines": [], "summary": {"covered_lines": 0, "num_statements": 9, "percent_covered": 0.0, "percent_covered_display": "0", "missing_lines": 9, "excluded_lines": 0, "percent_statements_covered": 0.0, "percent_statements_covered_display": "0"}, "missing_lines": [295, 296, 297, 298, 299, 300, 301, 302, 304], "excluded_lines": [], "start_line": 292}, "run_api_fuzz_test": {"executed_lines": [], "summary": {"covered_lines": 0, "num_statements": 6, "percent_covered": 0.0, "percent_covered_display": "0", "missing_lines": 6, "excluded_lines": 0, "percent_statements_covered": 0.0, "percent_statements_covered_display": "0"}, "missing_lines": [310, 311, 313, 314, 315, 317], "excluded_lines": [], "start_line": 307}, "analyze_fuzz_results": {"executed_lines": [], "summary": {"covered_lines": 0, "num_statements": 6, "percent_covered": 0.0, "percent_covered_display": "0", "missing_lines": 6, "excluded_lines": 0, "percent_statements_covered": 0.0, "percent_statements_covered_display": "0"}, "missing_lines": [322, 323, 324, 325, 327, 329], "excluded_lines": [], "start_line": 320}, "": {"executed_lines": [], "summary": {"covered_lines": 0, "num_statements": 57, "percent_covered": 0.0, "percent_covered_display": "0", "missing_lines": 57, "excluded_lines": 0, "percent_statements_covered": 0.0, "percent_statements_covered_display": "0"}, "missing_lines": [8, 9, 10, 11, 12, 13, 16, 17, 18, 19, 20, 21, 22, 25, 26, 27, 28, 29, 30, 31, 34, 35, 36, 37, 38, 39, 40, 41, 42, 45, 48, 53, 73, 108, 144, 178, 193, 226, 259, 292, 307, 320, 339, 340, 341, 343, 346, 347, 349, 350, 353, 354, 356, 357, 358, 359, 360], "excluded_lines": [], "start_line": 1}}, "classes": {"FuzzType": {"executed_lines": [], "summary": {"covered_lines": 0, "num_statements": 0, "percent_covered": 100.0, "percent_covered_display": "100", "missing_lines": 0, "excluded_lines": 0, "percent_statements_covered": 100.0, "percent_statements_covered_display": "100"}, "missing_lines": [], "excluded_lines": [], "start_line": 16}, "FuzzInput": {"executed_lines": [], "summary": {"covered_lines": 0, "num_statements": 0, "percent_covered": 100.0, "percent_covered_display": "100", "missing_lines": 0, "excluded_lines": 0, "percent_statements_covered": 100.0, "percent_statements_covered_display": "100"}, "missing_lines": [], "excluded_lines": [], "start_line": 26}, "FuzzResult": {"executed_lines": [], "summary": {"covered_lines": 0, "num_statements": 0, "percent_covered": 100.0, "percent_covered_display": "100", "missing_lines": 0, "excluded_lines": 0, "percent_statements_covered": 100.0, "percent_statements_covered_display": "100"}, "missing_lines": [], "excluded_lines": [], "start_line": 35}, "APIFuzzer": {"executed_lines": [], "summary": {"covered_lines": 0, "num_statements": 71, "percent_covered": 0.0, "percent_covered_display": "0", "missing_lines": 71, "excluded_lines": 0, "percent_statements_covered": 0.0, "percent_statements_covered_display": "0"}, "missing_lines": [49, 50, 51, 56, 58, 59, 60, 61, 62, 63, 64, 65, 66, 67, 68, 69, 71, 75, 78, 87, 88, 97, 98, 106, 110, 113, 114, 123, 124, 133, 134, 142, 146, 149, 158, 167, 168, 176, 180, 182, 183, 191, 195, 198, 207, 216, 224, 228, 231, 240, 249, 257, 265, 267, 268, 271, 273, 275, 286, 287, 289, 290, 295, 296, 297, 298, 299, 300, 301, 302, 304], "excluded_lines": [], "start_line": 45}, "": {"executed_lines": [], "summary": {"covered_lines": 0, "num_statements": 69, "percent_covered": 0.0, "percent_covered_display": "0", "missing_lines": 69, "excluded_lines": 0, "percent_statements_covered": 0.0, "percent_statements_covered_display": "0"}, "missing_lines": [8, 9, 10, 11, 12, 13, 16, 17, 18, 19, 20, 21, 22, 25, 26, 27, 28, 29, 30, 31, 34, 35, 36, 37, 38, 39, 40, 41, 42, 45, 48, 53, 73, 108, 144, 178, 193, 226, 259, 292, 307, 310, 311, 313, 314, 315, 317, 320, 322, 323, 324, 325, 327, 329, 339, 340, 341, 343, 346, 347, 349, 350, 353, 354, 356, 357, 358, 359, 360], "excluded_lines": [], "start_line": 1}}}, "cli.py": {"executed_lines": [], "summary": {"covered_lines": 0, "num_statements": 118, "percent_covered": 0.0, "percent_covered_display": "0", "missing_lines": 118, "excluded_lines": 0, "percent_statements_covered": 0.0, "percent_statements_covered_display": "0"}, "missing_lines": [8, 9, 10, 11, 13, 17, 20, 23, 26, 29, 32, 35, 37, 39, 45, 46, 48, 49, 52, 54, 55, 57, 58, 59, 61, 62, 64, 65, 66, 67, 70, 72, 73, 75, 76, 79, 80, 83, 85, 87, 88, 89, 90, 91, 94, 95, 98, 100, 101, 103, 105, 108, 110, 112, 113, 114, 116, 117, 118, 119, 120, 122, 124, 125, 128, 131, 133, 134, 135, 136, 137, 138, 139, 140, 141, 142, 143, 144, 145, 148, 149, 162, 164, 165, 166, 167, 168, 169, 170, 171, 172, 173, 174, 175, 176, 177, 178, 179, 181, 183, 185, 187, 188, 189, 190, 191, 192, 193, 194, 195, 196, 197, 198, 199, 200, 202, 205, 206], "excluded_lines": [], "functions": {"cmd_audit": {"executed_lines": [], "summary": {"covered_lines": 0, "num_statements": 6, "percent_covered": 0.0, "percent_covered_display": "0", "missing_lines": 6, "excluded_lines": 0, "percent_statements_covered": 0.0, "percent_statements_covered_display": "0"}, "missing_lines": [37, 39, 45, 46, 48, 49], "excluded_lines": [], "start_line": 35}, "cmd_technique": {"executed_lines": [], "summary": {"covered_lines": 0, "num_statements": 11, "percent_covered": 0.0, "percent_covered_display": "0", "missing_lines": 11, "excluded_lines": 0, "percent_statements_covered": 0.0, "percent_statements_covered_display": "0"}, "missing_lines": [54, 55, 57, 58, 59, 61, 62, 64, 65, 66, 67], "excluded_lines": [], "start_line": 52}, "cmd_generate": {"executed_lines": [], "summary": {"covered_lines": 0, "num_statements": 6, "percent_covered": 0.0, "percent_covered_display": "0", "missing_lines": 6, "excluded_lines": 0, "percent_statements_covered": 0.0, "percent_statements_covered_display": "0"}, "missing_lines": [72, 73, 75, 76, 79, 80], "excluded_lines": [], "start_line": 70}, "cmd_injection": {"executed_lines": [], "summary": {"covered_lines": 0, "num_statements": 8, "percent_covered": 0.0, "percent_covered_display": "0", "missing_lines": 8, "excluded_lines": 0, "percent_statements_covered": 0.0, "percent_statements_covered_display": "0"}, "missing_lines": [85, 87, 88, 89, 90, 91, 94, 95], "excluded_lines": [], "start_line": 83}, "cmd_fingerprint": {"executed_lines": [], "summary": {"covered_lines": 0, "num_statements": 4, "percent_covered": 0.0, "percent_covered_display": "0", "missing_lines": 4, "excluded_lines": 0, "percent_statements_covered": 0.0, "percent_statements_covered_display": "0"}, "missing_lines": [100, 101, 103, 105], "excluded_lines": [], "start_line": 98}, "cmd_fuzz": {"executed_lines": [], "summary": {"covered_lines": 0, "num_statements": 13, "percent_covered": 0.0, "percent_covered_display": "0", "missing_lines": 13, "excluded_lines": 0, "percent_statements_covered": 0.0, "percent_statements_covered_display": "0"}, "missing_lines": [110, 112, 113, 114, 116, 117, 118, 119, 120, 122, 124, 125, 128], "excluded_lines": [], "start_line": 108}, "cmd_list": {"executed_lines": [], "summary": {"covered_lines": 0, "num_statements": 13, "percent_covered": 0.0, "percent_covered_display": "0", "missing_lines": 13, "excluded_lines": 0, "percent_statements_covered": 0.0, "percent_statements_covered_display": "0"}, "missing_lines": [133, 134, 135, 136, 137, 138, 139, 140, 141, 142, 143, 144, 145], "excluded_lines": [], "start_line": 131}, "main": {"executed_lines": [], "summary": {"covered_lines": 0, "num_statements": 36, "percent_covered": 0.0, "percent_covered_display": "0", "missing_lines": 36, "excluded_lines": 0, "percent_statements_covered": 0.0, "percent_statements_covered_display": "0"}, "missing_lines": [149, 162, 164, 165, 166, 167, 168, 169, 170, 171, 172, 173, 174, 175, 176, 177, 178, 179, 181, 183, 185, 187, 188, 189, 190, 191, 192, 193, 194, 195, 196, 197, 198, 199, 200, 202], "excluded_lines": [], "start_line": 148}, "": {"executed_lines": [], "summary": {"covered_lines": 0, "num_statements": 21, "percent_covered": 0.0, "percent_covered_display": "0", "missing_lines": 21, "excluded_lines": 0, "percent_statements_covered": 0.0, "percent_statements_covered_display": "0"}, "missing_lines": [8, 9, 10, 11, 13, 17, 20, 23, 26, 29, 32, 35, 52, 70, 83, 98, 108, 131, 148, 205, 206], "excluded_lines": [], "start_line": 1}}, "classes": {"": {"executed_lines": [], "summary": {"covered_lines": 0, "num_statements": 118, "percent_covered": 0.0, "percent_covered_display": "0", "missing_lines": 118, "excluded_lines": 0, "percent_statements_covered": 0.0, "percent_statements_covered_display": "0"}, "missing_lines": [8, 9, 10, 11, 13, 17, 20, 23, 26, 29, 32, 35, 37, 39, 45, 46, 48, 49, 52, 54, 55, 57, 58, 59, 61, 62, 64, 65, 66, 67, 70, 72, 73, 75, 76, 79, 80, 83, 85, 87, 88, 89, 90, 91, 94, 95, 98, 100, 101, 103, 105, 108, 110, 112, 113, 114, 116, 117, 118, 119, 120, 122, 124, 125, 128, 131, 133, 134, 135, 136, 137, 138, 139, 140, 141, 142, 143, 144, 145, 148, 149, 162, 164, 165, 166, 167, 168, 169, 170, 171, 172, 173, 174, 175, 176, 177, 178, 179, 181, 183, 185, 187, 188, 189, 190, 191, 192, 193, 194, 195, 196, 197, 198, 199, 200, 202, 205, 206], "excluded_lines": [], "start_line": 1}}}, "detection_evasion.py": {"executed_lines": [9, 10, 11, 12, 13, 16, 18, 19, 20, 21, 22, 23, 24, 25, 26, 27, 28, 29, 32, 33, 35, 36, 37, 38, 39, 40, 43, 56, 57, 58, 60, 62, 87, 97, 98, 99, 102, 103, 106, 107, 109, 110, 113, 114, 118, 121, 122, 123, 124, 126, 129, 130, 134, 137, 138, 143, 144, 145, 146, 148, 151, 152, 157, 158, 159, 160, 162, 165, 166, 167, 168, 170, 173, 176, 177, 178, 179, 180, 181, 182, 183, 184, 190, 192, 201, 203, 204, 206, 207, 208, 209, 211, 213, 215, 218, 219, 220, 223, 224, 225, 226, 227, 230, 234, 237, 239, 241, 242, 245, 253, 254, 257, 258, 261, 262, 263, 265, 267, 269, 270, 273, 281, 282, 283, 284, 287, 288, 289, 292, 293, 297, 300, 302, 304, 305, 308, 309, 310, 313, 314, 315, 318, 321, 323, 325, 326, 329, 337, 338, 341, 342, 345, 346, 348, 350, 352, 355, 356, 357, 360, 361, 364, 368, 369, 371, 373, 383, 384, 387, 404, 405, 406, 409, 416, 417, 418, 420, 422, 432, 433, 436, 437, 438, 439, 440, 441, 442, 445, 452, 454, 458, 459, 460, 463, 464, 465, 466, 467, 470, 471, 472, 476, 477, 478, 480, 482, 484, 486, 487, 488, 497, 499, 501, 503, 505, 522, 571], "summary": {"covered_lines": 217, "num_statements": 273, "percent_covered": 79.48717948717949, "percent_covered_display": "79", "missing_lines": 56, "excluded_lines": 0, "percent_statements_covered": 79.48717948717949, "percent_statements_covered_display": "79"}, "missing_lines": [104, 105, 115, 116, 131, 132, 139, 140, 153, 154, 186, 187, 231, 235, 294, 298, 319, 365, 524, 526, 527, 528, 529, 530, 531, 533, 535, 536, 537, 538, 540, 541, 542, 543, 544, 545, 546, 547, 548, 549, 550, 551, 553, 555, 556, 557, 559, 560, 561, 562, 563, 564, 565, 566, 568, 572], "excluded_lines": [], "functions": {"DetectionEvasionAnalyzer.__init__": {"executed_lines": [57, 58], "summary": {"covered_lines": 2, "num_statements": 2, "percent_covered": 100.0, "percent_covered_display": "100", "missing_lines": 0, "excluded_lines": 0, "percent_statements_covered": 100.0, "percent_statements_covered_display": "100"}, "missing_lines": [], "excluded_lines": [], "start_line": 56}, "DetectionEvasionAnalyzer._load_detection_patterns": {"executed_lines": [62], "summary": {"covered_lines": 1, "num_statements": 1, "percent_covered": 100.0, "percent_covered_display": "100", "missing_lines": 0, "excluded_lines": 0, "percent_statements_covered": 100.0, "percent_statements_covered_display": "100"}, "missing_lines": [], "excluded_lines": [], "start_line": 60}, "DetectionEvasionAnalyzer.analyze_payload": {"executed_lines": [97, 98, 99, 102, 103, 106, 107, 109, 110, 113, 114, 118, 121, 122, 123, 124, 126, 129, 130, 134, 137, 138, 143, 144, 145, 146, 148, 151, 152, 157, 158, 159, 160, 162, 165, 166, 167, 168, 170, 173, 176, 177, 178, 179, 180, 181, 182, 183, 184, 190, 192], "summary": {"covered_lines": 51, "num_statements": 63, "percent_covered": 80.95238095238095, "percent_covered_display": "81", "missing_lines": 12, "excluded_lines": 0, "percent_statements_covered": 80.95238095238095, "percent_statements_covered_display": "81"}, "missing_lines": [104, 105, 115, 116, 131, 132, 139, 140, 153, 154, 186, 187], "excluded_lines": [], "start_line": 87}, "DetectionEvasionAnalyzer._count_detection_triggers": {"executed_lines": [203, 204, 206, 207, 208, 209, 211], "summary": {"covered_lines": 7, "num_statements": 7, "percent_covered": 100.0, "percent_covered_display": "100", "missing_lines": 0, "excluded_lines": 0, "percent_statements_covered": 100.0, "percent_statements_covered_display": "100"}, "missing_lines": [], "excluded_lines": [], "start_line": 201}, "DetectionEvasionAnalyzer._analyze_encoding": {"executed_lines": [215, 218, 219, 220, 223, 224, 225, 226, 227, 230, 234, 237], "summary": {"covered_lines": 12, "num_statements": 14, "percent_covered": 85.71428571428571, "percent_covered_display": "86", "missing_lines": 2, "excluded_lines": 0, "percent_statements_covered": 85.71428571428571, "percent_statements_covered_display": "86"}, "missing_lines": [231, 235], "excluded_lines": [], "start_line": 213}, "DetectionEvasionAnalyzer._analyze_contextual_hiding": {"executed_lines": [241, 242, 245, 253, 254, 257, 258, 261, 262, 263, 265], "summary": {"covered_lines": 11, "num_statements": 11, "percent_covered": 100.0, "percent_covered_display": "100", "missing_lines": 0, "excluded_lines": 0, "percent_statements_covered": 100.0, "percent_statements_covered_display": "100"}, "missing_lines": [], "excluded_lines": [], "start_line": 239}, "DetectionEvasionAnalyzer._analyze_legitimacy_markers": {"executed_lines": [269, 270, 273, 281, 282, 283, 284, 287, 288, 289, 292, 293, 297, 300], "summary": {"covered_lines": 14, "num_statements": 16, "percent_covered": 87.5, "percent_covered_display": "88", "missing_lines": 2, "excluded_lines": 0, "percent_statements_covered": 87.5, "percent_statements_covered_display": "88"}, "missing_lines": [294, 298], "excluded_lines": [], "start_line": 267}, "DetectionEvasionAnalyzer._analyze_emotional_content": {"executed_lines": [304, 305, 308, 309, 310, 313, 314, 315, 318, 321], "summary": {"covered_lines": 10, "num_statements": 11, "percent_covered": 90.9090909090909, "percent_covered_display": "91", "missing_lines": 1, "excluded_lines": 0, "percent_statements_covered": 90.9090909090909, "percent_statements_covered_display": "91"}, "missing_lines": [319], "excluded_lines": [], "start_line": 302}, "DetectionEvasionAnalyzer._analyze_technical_jargon": {"executed_lines": [325, 326, 329, 337, 338, 341, 342, 345, 346, 348], "summary": {"covered_lines": 10, "num_statements": 10, "percent_covered": 100.0, "percent_covered_display": "100", "missing_lines": 0, "excluded_lines": 0, "percent_statements_covered": 100.0, "percent_statements_covered_display": "100"}, "missing_lines": [], "excluded_lines": [], "start_line": 323}, "DetectionEvasionAnalyzer._analyze_whitespace": {"executed_lines": [352, 355, 356, 357, 360, 361, 364, 368, 369, 371], "summary": {"covered_lines": 10, "num_statements": 11, "percent_covered": 90.9090909090909, "percent_covered_display": "91", "missing_lines": 1, "excluded_lines": 0, "percent_statements_covered": 90.9090909090909, "percent_statements_covered_display": "91"}, "missing_lines": [365], "excluded_lines": [], "start_line": 350}, "DetectionEvasionAnalyzer._analyze_semantic_reframing": {"executed_lines": [383, 384, 387, 404, 405, 406, 409, 416, 417, 418, 420], "summary": {"covered_lines": 11, "num_statements": 11, "percent_covered": 100.0, "percent_covered_display": "100", "missing_lines": 0, "excluded_lines": 0, "percent_statements_covered": 100.0, "percent_statements_covered_display": "100"}, "missing_lines": [], "excluded_lines": [], "start_line": 373}, "DetectionEvasionAnalyzer._analyze_prompt_compression": {"executed_lines": [432, 433, 436, 437, 438, 439, 440, 441, 442, 445, 452, 454, 458, 459, 460, 463, 464, 465, 466, 467, 470, 471, 472, 476, 477, 478, 480], "summary": {"covered_lines": 27, "num_statements": 27, "percent_covered": 100.0, "percent_covered_display": "100", "missing_lines": 0, "excluded_lines": 0, "percent_statements_covered": 100.0, "percent_statements_covered_display": "100"}, "missing_lines": [], "excluded_lines": [], "start_line": 422}, "DetectionEvasionAnalyzer.compare_payloads": {"executed_lines": [484, 486, 487, 488, 497, 499], "summary": {"covered_lines": 6, "num_statements": 6, "percent_covered": 100.0, "percent_covered_display": "100", "missing_lines": 0, "excluded_lines": 0, "percent_statements_covered": 100.0, "percent_statements_covered_display": "100"}, "missing_lines": [], "excluded_lines": [], "start_line": 482}, "DetectionEvasionAnalyzer.generate_evasion_report": {"executed_lines": [503, 505], "summary": {"covered_lines": 2, "num_statements": 2, "percent_covered": 100.0, "percent_covered_display": "100", "missing_lines": 0, "excluded_lines": 0, "percent_statements_covered": 100.0, "percent_statements_covered_display": "100"}, "missing_lines": [], "excluded_lines": [], "start_line": 501}, "main": {"executed_lines": [], "summary": {"covered_lines": 0, "num_statements": 37, "percent_covered": 0.0, "percent_covered_display": "0", "missing_lines": 37, "excluded_lines": 0, "percent_statements_covered": 0.0, "percent_statements_covered_display": "0"}, "missing_lines": [524, 526, 527, 528, 529, 530, 531, 533, 535, 536, 537, 538, 540, 541, 542, 543, 544, 545, 546, 547, 548, 549, 550, 551, 553, 555, 556, 557, 559, 560, 561, 562, 563, 564, 565, 566, 568], "excluded_lines": [], "start_line": 522}, "": {"executed_lines": [9, 10, 11, 12, 13, 16, 18, 19, 20, 21, 22, 23, 24, 25, 26, 27, 28, 29, 32, 33, 35, 36, 37, 38, 39, 40, 43, 56, 60, 87, 201, 213, 239, 267, 302, 323, 350, 373, 422, 482, 501, 522, 571], "summary": {"covered_lines": 43, "num_statements": 44, "percent_covered": 97.72727272727273, "percent_covered_display": "98", "missing_lines": 1, "excluded_lines": 0, "percent_statements_covered": 97.72727272727273, "percent_statements_covered_display": "98"}, "missing_lines": [572], "excluded_lines": [], "start_line": 1}}, "classes": {"EvasionTechnique": {"executed_lines": [], "summary": {"covered_lines": 0, "num_statements": 0, "percent_covered": 100.0, "percent_covered_display": "100", "missing_lines": 0, "excluded_lines": 0, "percent_statements_covered": 100.0, "percent_statements_covered_display": "100"}, "missing_lines": [], "excluded_lines": [], "start_line": 16}, "EvasionAnalysisResult": {"executed_lines": [], "summary": {"covered_lines": 0, "num_statements": 0, "percent_covered": 100.0, "percent_covered_display": "100", "missing_lines": 0, "excluded_lines": 0, "percent_statements_covered": 100.0, "percent_statements_covered_display": "100"}, "missing_lines": [], "excluded_lines": [], "start_line": 33}, "DetectionEvasionAnalyzer": {"executed_lines": [57, 58, 62, 97, 98, 99, 102, 103, 106, 107, 109, 110, 113, 114, 118, 121, 122, 123, 124, 126, 129, 130, 134, 137, 138, 143, 144, 145, 146, 148, 151, 152, 157, 158, 159, 160, 162, 165, 166, 167, 168, 170, 173, 176, 177, 178, 179, 180, 181, 182, 183, 184, 190, 192, 203, 204, 206, 207, 208, 209, 211, 215, 218, 219, 220, 223, 224, 225, 226, 227, 230, 234, 237, 241, 242, 245, 253, 254, 257, 258, 261, 262, 263, 265, 269, 270, 273, 281, 282, 283, 284, 287, 288, 289, 292, 293, 297, 300, 304, 305, 308, 309, 310, 313, 314, 315, 318, 321, 325, 326, 329, 337, 338, 341, 342, 345, 346, 348, 352, 355, 356, 357, 360, 361, 364, 368, 369, 371, 383, 384, 387, 404, 405, 406, 409, 416, 417, 418, 420, 432, 433, 436, 437, 438, 439, 440, 441, 442, 445, 452, 454, 458, 459, 460, 463, 464, 465, 466, 467, 470, 471, 472, 476, 477, 478, 480, 484, 486, 487, 488, 497, 499, 503, 505], "summary": {"covered_lines": 174, "num_statements": 192, "percent_covered": 90.625, "percent_covered_display": "91", "missing_lines": 18, "excluded_lines": 0, "percent_statements_covered": 90.625, "percent_statements_covered_display": "91"}, "missing_lines": [104, 105, 115, 116, 131, 132, 139, 140, 153, 154, 186, 187, 231, 235, 294, 298, 319, 365], "excluded_lines": [], "start_line": 43}, "": {"executed_lines": [9, 10, 11, 12, 13, 16, 18, 19, 20, 21, 22, 23, 24, 25, 26, 27, 28, 29, 32, 33, 35, 36, 37, 38, 39, 40, 43, 56, 60, 87, 201, 213, 239, 267, 302, 323, 350, 373, 422, 482, 501, 522, 571], "summary": {"covered_lines": 43, "num_statements": 81, "percent_covered": 53.08641975308642, "percent_covered_display": "53", "missing_lines": 38, "excluded_lines": 0, "percent_statements_covered": 53.08641975308642, "percent_statements_covered_display": "53"}, "missing_lines": [524, 526, 527, 528, 529, 530, 531, 533, 535, 536, 537, 538, 540, 541, 542, 543, 544, 545, 546, 547, 548, 549, 550, 551, 553, 555, 556, 557, 559, 560, 561, 562, 563, 564, 565, 566, 568, 572], "excluded_lines": [], "start_line": 1}}}, "jailbreak_techniques.py": {"executed_lines": [8, 9, 10, 13, 14, 15, 16, 17, 18, 19, 20, 21, 22, 23, 24, 25, 26, 29, 30, 31, 32, 33, 34, 35, 39, 198, 200, 203, 205, 208, 210, 211, 212, 213, 216, 218, 219, 221, 228, 230, 233, 235, 247], "summary": {"covered_lines": 43, "num_statements": 53, "percent_covered": 81.13207547169812, "percent_covered_display": "81", "missing_lines": 10, "excluded_lines": 0, "percent_statements_covered": 81.13207547169812, "percent_statements_covered_display": "81"}, "missing_lines": [220, 248, 249, 250, 251, 252, 253, 254, 255, 256], "excluded_lines": [], "functions": {"get_template": {"executed_lines": [200], "summary": {"covered_lines": 1, "num_statements": 1, "percent_covered": 100.0, "percent_covered_display": "100", "missing_lines": 0, "excluded_lines": 0, "percent_statements_covered": 100.0, "percent_statements_covered_display": "100"}, "missing_lines": [], "excluded_lines": [], "start_line": 198}, "list_templates": {"executed_lines": [205], "summary": {"covered_lines": 1, "num_statements": 1, "percent_covered": 100.0, "percent_covered_display": "100", "missing_lines": 0, "excluded_lines": 0, "percent_statements_covered": 100.0, "percent_statements_covered_display": "100"}, "missing_lines": [], "excluded_lines": [], "start_line": 203}, "generate_payload": {"executed_lines": [210, 211, 212, 213], "summary": {"covered_lines": 4, "num_statements": 4, "percent_covered": 100.0, "percent_covered_display": "100", "missing_lines": 0, "excluded_lines": 0, "percent_statements_covered": 100.0, "percent_statements_covered_display": "100"}, "missing_lines": [], "excluded_lines": [], "start_line": 208}, "evaluate_effectiveness": {"executed_lines": [218, 219, 221], "summary": {"covered_lines": 3, "num_statements": 4, "percent_covered": 75.0, "percent_covered_display": "75", "missing_lines": 1, "excluded_lines": 0, "percent_statements_covered": 75.0, "percent_statements_covered_display": "75"}, "missing_lines": [220], "excluded_lines": [], "start_line": 216}, "get_techniques_by_type": {"executed_lines": [230], "summary": {"covered_lines": 1, "num_statements": 1, "percent_covered": 100.0, "percent_covered_display": "100", "missing_lines": 0, "excluded_lines": 0, "percent_statements_covered": 100.0, "percent_statements_covered_display": "100"}, "missing_lines": [], "excluded_lines": [], "start_line": 228}, "audit_template_library": {"executed_lines": [235], "summary": {"covered_lines": 1, "num_statements": 1, "percent_covered": 100.0, "percent_covered_display": "100", "missing_lines": 0, "excluded_lines": 0, "percent_statements_covered": 100.0, "percent_statements_covered_display": "100"}, "missing_lines": [], "excluded_lines": [], "start_line": 233}, "": {"executed_lines": [8, 9, 10, 13, 14, 15, 16, 17, 18, 19, 20, 21, 22, 23, 24, 25, 26, 29, 30, 31, 32, 33, 34, 35, 39, 198, 203, 208, 216, 228, 233, 247], "summary": {"covered_lines": 32, "num_statements": 41, "percent_covered": 78.04878048780488, "percent_covered_display": "78", "missing_lines": 9, "excluded_lines": 0, "percent_statements_covered": 78.04878048780488, "percent_statements_covered_display": "78"}, "missing_lines": [248, 249, 250, 251, 252, 253, 254, 255, 256], "excluded_lines": [], "start_line": 1}}, "classes": {"TechniqueType": {"executed_lines": [], "summary": {"covered_lines": 0, "num_statements": 0, "percent_covered": 100.0, "percent_covered_display": "100", "missing_lines": 0, "excluded_lines": 0, "percent_statements_covered": 100.0, "percent_statements_covered_display": "100"}, "missing_lines": [], "excluded_lines": [], "start_line": 13}, "JailbreakTemplate": {"executed_lines": [], "summary": {"covered_lines": 0, "num_statements": 0, "percent_covered": 100.0, "percent_covered_display": "100", "missing_lines": 0, "excluded_lines": 0, "percent_statements_covered": 100.0, "percent_statements_covered_display": "100"}, "missing_lines": [], "excluded_lines": [], "start_line": 30}, "": {"executed_lines": [8, 9, 10, 13, 14, 15, 16, 17, 18, 19, 20, 21, 22, 23, 24, 25, 26, 29, 30, 31, 32, 33, 34, 35, 39, 198, 200, 203, 205, 208, 210, 211, 212, 213, 216, 218, 219, 221, 228, 230, 233, 235, 247], "summary": {"covered_lines": 43, "num_statements": 53, "percent_covered": 81.13207547169812, "percent_covered_display": "81", "missing_lines": 10, "excluded_lines": 0, "percent_statements_covered": 81.13207547169812, "percent_statements_covered_display": "81"}, "missing_lines": [220, 248, 249, 250, 251, 252, 253, 254, 255, 256], "excluded_lines": [], "start_line": 1}}}, "model_fingerprinting.py": {"executed_lines": [], "summary": {"covered_lines": 0, "num_statements": 112, "percent_covered": 0.0, "percent_covered_display": "0", "missing_lines": 112, "excluded_lines": 0, "percent_statements_covered": 0.0, "percent_statements_covered_display": "0"}, "missing_lines": [8, 9, 10, 11, 14, 15, 16, 17, 18, 19, 20, 23, 24, 25, 26, 27, 28, 31, 32, 33, 34, 35, 36, 37, 38, 42, 94, 97, 98, 99, 101, 106, 107, 108, 111, 112, 113, 114, 116, 118, 126, 129, 130, 133, 134, 136, 137, 139, 140, 142, 144, 148, 149, 151, 152, 153, 154, 155, 156, 157, 160, 161, 162, 165, 166, 169, 172, 175, 178, 180, 189, 193, 194, 195, 196, 197, 198, 199, 200, 201, 202, 203, 205, 207, 210, 211, 214, 215, 217, 219, 221, 229, 232, 234, 240, 243, 245, 246, 249, 251, 252, 255, 256, 257, 260, 267, 268, 269, 270, 271, 272, 273], "excluded_lines": [], "functions": {"ModelFingerprinter.__init__": {"executed_lines": [], "summary": {"covered_lines": 0, "num_statements": 2, "percent_covered": 0.0, "percent_covered_display": "0", "missing_lines": 2, "excluded_lines": 0, "percent_statements_covered": 0.0, "percent_statements_covered_display": "0"}, "missing_lines": [98, 99], "excluded_lines": [], "start_line": 97}, "ModelFingerprinter.probe": {"executed_lines": [], "summary": {"covered_lines": 0, "num_statements": 9, "percent_covered": 0.0, "percent_covered_display": "0", "missing_lines": 9, "excluded_lines": 0, "percent_statements_covered": 0.0, "percent_statements_covered_display": "0"}, "missing_lines": [106, 107, 108, 111, 112, 113, 114, 116, 118], "excluded_lines": [], "start_line": 101}, "ModelFingerprinter._compute_similarity": {"executed_lines": [], "summary": {"covered_lines": 0, "num_statements": 9, "percent_covered": 0.0, "percent_covered_display": "0", "missing_lines": 9, "excluded_lines": 0, "percent_statements_covered": 0.0, "percent_statements_covered_display": "0"}, "missing_lines": [129, 130, 133, 134, 136, 137, 139, 140, 142], "excluded_lines": [], "start_line": 126}, "ModelFingerprinter.fingerprint": {"executed_lines": [], "summary": {"covered_lines": 0, "num_statements": 19, "percent_covered": 0.0, "percent_covered_display": "0", "missing_lines": 19, "excluded_lines": 0, "percent_statements_covered": 0.0, "percent_statements_covered_display": "0"}, "missing_lines": [148, 149, 151, 152, 153, 154, 155, 156, 157, 160, 161, 162, 165, 166, 169, 172, 175, 178, 180], "excluded_lines": [], "start_line": 144}, "ModelFingerprinter._estimate_version": {"executed_lines": [], "summary": {"covered_lines": 0, "num_statements": 11, "percent_covered": 0.0, "percent_covered_display": "0", "missing_lines": 11, "excluded_lines": 0, "percent_statements_covered": 0.0, "percent_statements_covered_display": "0"}, "missing_lines": [193, 194, 195, 196, 197, 198, 199, 200, 201, 202, 203], "excluded_lines": [], "start_line": 189}, "ModelFingerprinter._extract_characteristics": {"executed_lines": [], "summary": {"covered_lines": 0, "num_statements": 6, "percent_covered": 0.0, "percent_covered_display": "0", "missing_lines": 6, "excluded_lines": 0, "percent_statements_covered": 0.0, "percent_statements_covered_display": "0"}, "missing_lines": [207, 210, 211, 214, 215, 217], "excluded_lines": [], "start_line": 205}, "ModelFingerprinter._map_family_to_provider": {"executed_lines": [], "summary": {"covered_lines": 0, "num_statements": 2, "percent_covered": 0.0, "percent_covered_display": "0", "missing_lines": 2, "excluded_lines": 0, "percent_statements_covered": 0.0, "percent_statements_covered_display": "0"}, "missing_lines": [221, 229], "excluded_lines": [], "start_line": 219}, "generate_probe_prompt": {"executed_lines": [], "summary": {"covered_lines": 0, "num_statements": 2, "percent_covered": 0.0, "percent_covered_display": "0", "missing_lines": 2, "excluded_lines": 0, "percent_statements_covered": 0.0, "percent_statements_covered_display": "0"}, "missing_lines": [234, 240], "excluded_lines": [], "start_line": 232}, "fingerprint_api_endpoint": {"executed_lines": [], "summary": {"covered_lines": 0, "num_statements": 2, "percent_covered": 0.0, "percent_covered_display": "0", "missing_lines": 2, "excluded_lines": 0, "percent_statements_covered": 0.0, "percent_statements_covered_display": "0"}, "missing_lines": [245, 246], "excluded_lines": [], "start_line": 243}, "generate_fingerprint_hash": {"executed_lines": [], "summary": {"covered_lines": 0, "num_statements": 2, "percent_covered": 0.0, "percent_covered_display": "0", "missing_lines": 2, "excluded_lines": 0, "percent_statements_covered": 0.0, "percent_statements_covered_display": "0"}, "missing_lines": [251, 252], "excluded_lines": [], "start_line": 249}, "": {"executed_lines": [], "summary": {"covered_lines": 0, "num_statements": 48, "percent_covered": 0.0, "percent_covered_display": "0", "missing_lines": 48, "excluded_lines": 0, "percent_statements_covered": 0.0, "percent_statements_covered_display": "0"}, "missing_lines": [8, 9, 10, 11, 14, 15, 16, 17, 18, 19, 20, 23, 24, 25, 26, 27, 28, 31, 32, 33, 34, 35, 36, 37, 38, 42, 94, 97, 101, 126, 144, 189, 205, 219, 232, 243, 249, 255, 256, 257, 260, 267, 268, 269, 270, 271, 272, 273], "excluded_lines": [], "start_line": 1}}, "classes": {"ModelFamily": {"executed_lines": [], "summary": {"covered_lines": 0, "num_statements": 0, "percent_covered": 100.0, "percent_covered_display": "100", "missing_lines": 0, "excluded_lines": 0, "percent_statements_covered": 100.0, "percent_statements_covered_display": "100"}, "missing_lines": [], "excluded_lines": [], "start_line": 14}, "FingerprintProbe": {"executed_lines": [], "summary": {"covered_lines": 0, "num_statements": 0, "percent_covered": 100.0, "percent_covered_display": "100", "missing_lines": 0, "excluded_lines": 0, "percent_statements_covered": 100.0, "percent_statements_covered_display": "100"}, "missing_lines": [], "excluded_lines": [], "start_line": 24}, "ModelFingerprint": {"executed_lines": [], "summary": {"covered_lines": 0, "num_statements": 0, "percent_covered": 100.0, "percent_covered_display": "100", "missing_lines": 0, "excluded_lines": 0, "percent_statements_covered": 100.0, "percent_statements_covered_display": "100"}, "missing_lines": [], "excluded_lines": [], "start_line": 32}, "ModelFingerprinter": {"executed_lines": [], "summary": {"covered_lines": 0, "num_statements": 58, "percent_covered": 0.0, "percent_covered_display": "0", "missing_lines": 58, "excluded_lines": 0, "percent_statements_covered": 0.0, "percent_statements_covered_display": "0"}, "missing_lines": [98, 99, 106, 107, 108, 111, 112, 113, 114, 116, 118, 129, 130, 133, 134, 136, 137, 139, 140, 142, 148, 149, 151, 152, 153, 154, 155, 156, 157, 160, 161, 162, 165, 166, 169, 172, 175, 178, 180, 193, 194, 195, 196, 197, 198, 199, 200, 201, 202, 203, 207, 210, 211, 214, 215, 217, 221, 229], "excluded_lines": [], "start_line": 94}, "": {"executed_lines": [], "summary": {"covered_lines": 0, "num_statements": 54, "percent_covered": 0.0, "percent_covered_display": "0", "missing_lines": 54, "excluded_lines": 0, "percent_statements_covered": 0.0, "percent_statements_covered_display": "0"}, "missing_lines": [8, 9, 10, 11, 14, 15, 16, 17, 18, 19, 20, 23, 24, 25, 26, 27, 28, 31, 32, 33, 34, 35, 36, 37, 38, 42, 94, 97, 101, 126, 144, 189, 205, 219, 232, 234, 240, 243, 245, 246, 249, 251, 252, 255, 256, 257, 260, 267, 268, 269, 270, 271, 272, 273], "excluded_lines": [], "start_line": 1}}}, "output.py": {"executed_lines": [], "summary": {"covered_lines": 0, "num_statements": 139, "percent_covered": 0.0, "percent_covered_display": "0", "missing_lines": 139, "excluded_lines": 0, "percent_statements_covered": 0.0, "percent_statements_covered_display": "0"}, "missing_lines": [8, 9, 10, 11, 14, 28, 29, 30, 31, 32, 33, 35, 38, 41, 43, 44, 51, 54, 57, 59, 60, 62, 63, 64, 65, 66, 68, 69, 72, 73, 74, 75, 76, 77, 78, 79, 80, 81, 82, 83, 84, 87, 88, 89, 90, 91, 92, 93, 94, 95, 96, 97, 100, 101, 102, 103, 104, 105, 106, 107, 108, 109, 110, 112, 113, 114, 116, 119, 122, 124, 125, 126, 128, 129, 130, 131, 132, 135, 136, 137, 138, 139, 140, 141, 144, 145, 146, 147, 148, 151, 152, 153, 154, 155, 157, 158, 160, 163, 174, 175, 176, 177, 178, 179, 181, 184, 186, 187, 188, 189, 190, 191, 192, 194, 195, 196, 197, 198, 199, 201, 203, 206, 208, 211, 221, 227, 228, 229, 231, 232, 234, 237, 239, 256, 257, 258, 260, 261, 262], "excluded_lines": [], "functions": {"generate_report": {"executed_lines": [], "summary": {"covered_lines": 0, "num_statements": 7, "percent_covered": 0.0, "percent_covered_display": "0", "missing_lines": 7, "excluded_lines": 0, "percent_statements_covered": 0.0, "percent_statements_covered_display": "0"}, "missing_lines": [28, 29, 30, 31, 32, 33, 35], "excluded_lines": [], "start_line": 14}, "_generate_json_report": {"executed_lines": [], "summary": {"covered_lines": 0, "num_statements": 4, "percent_covered": 0.0, "percent_covered_display": "0", "missing_lines": 4, "excluded_lines": 0, "percent_statements_covered": 0.0, "percent_statements_covered_display": "0"}, "missing_lines": [41, 43, 44, 51], "excluded_lines": [], "start_line": 38}, "_generate_markdown_report": {"executed_lines": [], "summary": {"covered_lines": 0, "num_statements": 49, "percent_covered": 0.0, "percent_covered_display": "0", "missing_lines": 49, "excluded_lines": 0, "percent_statements_covered": 0.0, "percent_statements_covered_display": "0"}, "missing_lines": [57, 59, 60, 62, 63, 64, 65, 66, 68, 69, 72, 73, 74, 75, 76, 77, 78, 79, 80, 81, 82, 83, 84, 87, 88, 89, 90, 91, 92, 93, 94, 95, 96, 97, 100, 101, 102, 103, 104, 105, 106, 107, 108, 109, 110, 112, 113, 114, 116], "excluded_lines": [], "start_line": 54}, "_generate_text_report": {"executed_lines": [], "summary": {"covered_lines": 0, "num_statements": 29, "percent_covered": 0.0, "percent_covered_display": "0", "missing_lines": 29, "excluded_lines": 0, "percent_statements_covered": 0.0, "percent_statements_covered_display": "0"}, "missing_lines": [122, 124, 125, 126, 128, 129, 130, 131, 132, 135, 136, 137, 138, 139, 140, 141, 144, 145, 146, 147, 148, 151, 152, 153, 154, 155, 157, 158, 160], "excluded_lines": [], "start_line": 119}, "format_output": {"executed_lines": [], "summary": {"covered_lines": 0, "num_statements": 7, "percent_covered": 0.0, "percent_covered_display": "0", "missing_lines": 7, "excluded_lines": 0, "percent_statements_covered": 0.0, "percent_statements_covered_display": "0"}, "missing_lines": [174, 175, 176, 177, 178, 179, 181], "excluded_lines": [], "start_line": 163}, "_format_as_table": {"executed_lines": [], "summary": {"covered_lines": 0, "num_statements": 15, "percent_covered": 0.0, "percent_covered_display": "0", "missing_lines": 15, "excluded_lines": 0, "percent_statements_covered": 0.0, "percent_statements_covered_display": "0"}, "missing_lines": [186, 187, 188, 189, 190, 191, 192, 194, 195, 196, 197, 198, 199, 201, 203], "excluded_lines": [], "start_line": 184}, "generate_hash": {"executed_lines": [], "summary": {"covered_lines": 0, "num_statements": 1, "percent_covered": 0.0, "percent_covered_display": "0", "missing_lines": 1, "excluded_lines": 0, "percent_statements_covered": 0.0, "percent_statements_covered_display": "0"}, "missing_lines": [208], "excluded_lines": [], "start_line": 206}, "export_to_file": {"executed_lines": [], "summary": {"covered_lines": 0, "num_statements": 7, "percent_covered": 0.0, "percent_covered_display": "0", "missing_lines": 7, "excluded_lines": 0, "percent_statements_covered": 0.0, "percent_statements_covered_display": "0"}, "missing_lines": [221, 227, 228, 229, 231, 232, 234], "excluded_lines": [], "start_line": 211}, "": {"executed_lines": [], "summary": {"covered_lines": 0, "num_statements": 20, "percent_covered": 0.0, "percent_covered_display": "0", "missing_lines": 20, "excluded_lines": 0, "percent_statements_covered": 0.0, "percent_statements_covered_display": "0"}, "missing_lines": [8, 9, 10, 11, 14, 38, 54, 119, 163, 184, 206, 211, 237, 239, 256, 257, 258, 260, 261, 262], "excluded_lines": [], "start_line": 1}}, "classes": {"": {"executed_lines": [], "summary": {"covered_lines": 0, "num_statements": 139, "percent_covered": 0.0, "percent_covered_display": "0", "missing_lines": 139, "excluded_lines": 0, "percent_statements_covered": 0.0, "percent_statements_covered_display": "0"}, "missing_lines": [8, 9, 10, 11, 14, 28, 29, 30, 31, 32, 33, 35, 38, 41, 43, 44, 51, 54, 57, 59, 60, 62, 63, 64, 65, 66, 68, 69, 72, 73, 74, 75, 76, 77, 78, 79, 80, 81, 82, 83, 84, 87, 88, 89, 90, 91, 92, 93, 94, 95, 96, 97, 100, 101, 102, 103, 104, 105, 106, 107, 108, 109, 110, 112, 113, 114, 116, 119, 122, 124, 125, 126, 128, 129, 130, 131, 132, 135, 136, 137, 138, 139, 140, 141, 144, 145, 146, 147, 148, 151, 152, 153, 154, 155, 157, 158, 160, 163, 174, 175, 176, 177, 178, 179, 181, 184, 186, 187, 188, 189, 190, 191, 192, 194, 195, 196, 197, 198, 199, 201, 203, 206, 208, 211, 221, 227, 228, 229, 231, 232, 234, 237, 239, 256, 257, 258, 260, 261, 262], "excluded_lines": [], "start_line": 1}}}, "payload_generator.py": {"executed_lines": [8, 9, 10, 11, 12, 13, 14, 17, 18, 19, 20, 21, 22, 23, 24, 25, 28, 29, 30, 31, 32, 33, 34, 35, 38, 41, 42, 43, 45, 47, 58, 73, 74, 76, 77, 78, 79, 81, 87, 89, 99, 101, 103, 105, 107, 111, 113, 114, 115, 116, 117, 118, 119, 120, 121, 122, 123, 124, 125, 126, 127, 128, 129, 131, 133, 135, 141, 142, 143, 144, 145, 147, 149, 151, 158, 159, 164, 166, 168, 175, 176, 178, 180, 181, 182, 183, 185, 187, 188, 190, 192, 193, 194, 195, 196, 198, 200, 201, 202, 203, 204, 206, 208, 210, 212, 213, 214, 217, 219, 221, 222, 225, 227, 232, 234, 236, 240, 242, 244, 247, 250, 252, 255, 258, 259, 261, 262, 263, 265, 268, 271, 272, 273, 274, 275, 291], "summary": {"covered_lines": 136, "num_statements": 164, "percent_covered": 82.92682926829268, "percent_covered_display": "83", "missing_lines": 28, "excluded_lines": 0, "percent_statements_covered": 82.92682926829268, "percent_statements_covered_display": "83"}, "missing_lines": [160, 161, 162, 211, 215, 220, 223, 228, 229, 230, 231, 237, 282, 283, 284, 285, 286, 288, 292, 293, 295, 296, 298, 299, 300, 301, 302, 303], "excluded_lines": [], "functions": {"PayloadGenerator.__init__": {"executed_lines": [42, 43], "summary": {"covered_lines": 2, "num_statements": 2, "percent_covered": 100.0, "percent_covered_display": "100", "missing_lines": 0, "excluded_lines": 0, "percent_statements_covered": 100.0, "percent_statements_covered_display": "100"}, "missing_lines": [], "excluded_lines": [], "start_line": 41}, "PayloadGenerator._load_templates": {"executed_lines": [47], "summary": {"covered_lines": 1, "num_statements": 1, "percent_covered": 100.0, "percent_covered_display": "100", "missing_lines": 0, "excluded_lines": 0, "percent_statements_covered": 100.0, "percent_statements_covered_display": "100"}, "missing_lines": [], "excluded_lines": [], "start_line": 45}, "PayloadGenerator.generate": {"executed_lines": [73, 74, 76, 77, 78, 79, 81, 87, 89, 99, 101], "summary": {"covered_lines": 11, "num_statements": 11, "percent_covered": 100.0, "percent_covered_display": "100", "missing_lines": 0, "excluded_lines": 0, "percent_statements_covered": 100.0, "percent_statements_covered_display": "100"}, "missing_lines": [], "excluded_lines": [], "start_line": 58}, "PayloadGenerator._select_template": {"executed_lines": [105], "summary": {"covered_lines": 1, "num_statements": 1, "percent_covered": 100.0, "percent_covered_display": "100", "missing_lines": 0, "excluded_lines": 0, "percent_statements_covered": 100.0, "percent_statements_covered_display": "100"}, "missing_lines": [], "excluded_lines": [], "start_line": 103}, "PayloadGenerator._apply_mutations": {"executed_lines": [111, 113, 114, 115, 116, 117, 118, 119, 120, 121, 122, 123, 124, 125, 126, 127, 128, 129, 131], "summary": {"covered_lines": 19, "num_statements": 19, "percent_covered": 100.0, "percent_covered_display": "100", "missing_lines": 0, "excluded_lines": 0, "percent_statements_covered": 100.0, "percent_statements_covered_display": "100"}, "missing_lines": [], "excluded_lines": [], "start_line": 107}, "PayloadGenerator._paraphrase": {"executed_lines": [135, 141, 142, 143, 144, 145, 147], "summary": {"covered_lines": 7, "num_statements": 7, "percent_covered": 100.0, "percent_covered_display": "100", "missing_lines": 0, "excluded_lines": 0, "percent_statements_covered": 100.0, "percent_statements_covered_display": "100"}, "missing_lines": [], "excluded_lines": [], "start_line": 133}, "PayloadGenerator._obscure": {"executed_lines": [151, 158, 159, 164], "summary": {"covered_lines": 4, "num_statements": 7, "percent_covered": 57.142857142857146, "percent_covered_display": "57", "missing_lines": 3, "excluded_lines": 0, "percent_statements_covered": 57.142857142857146, "percent_statements_covered_display": "57"}, "missing_lines": [160, 161, 162], "excluded_lines": [], "start_line": 149}, "PayloadGenerator._amplify": {"executed_lines": [168, 175, 176], "summary": {"covered_lines": 3, "num_statements": 3, "percent_covered": 100.0, "percent_covered_display": "100", "missing_lines": 0, "excluded_lines": 0, "percent_statements_covered": 100.0, "percent_statements_covered_display": "100"}, "missing_lines": [], "excluded_lines": [], "start_line": 166}, "PayloadGenerator._truncate": {"executed_lines": [180, 181, 182, 183], "summary": {"covered_lines": 4, "num_statements": 4, "percent_covered": 100.0, "percent_covered_display": "100", "missing_lines": 0, "excluded_lines": 0, "percent_statements_covered": 100.0, "percent_statements_covered_display": "100"}, "missing_lines": [], "excluded_lines": [], "start_line": 178}, "PayloadGenerator._inject_noise": {"executed_lines": [187, 188, 190, 192, 193, 194, 195, 196, 198, 200, 201, 202, 203, 204, 206], "summary": {"covered_lines": 15, "num_statements": 15, "percent_covered": 100.0, "percent_covered_display": "100", "missing_lines": 0, "excluded_lines": 0, "percent_statements_covered": 100.0, "percent_statements_covered_display": "100"}, "missing_lines": [], "excluded_lines": [], "start_line": 185}, "PayloadGenerator._reverse": {"executed_lines": [210, 212, 213, 214], "summary": {"covered_lines": 4, "num_statements": 6, "percent_covered": 66.66666666666667, "percent_covered_display": "67", "missing_lines": 2, "excluded_lines": 0, "percent_statements_covered": 66.66666666666667, "percent_statements_covered_display": "67"}, "missing_lines": [211, 215], "excluded_lines": [], "start_line": 208}, "PayloadGenerator._encode": {"executed_lines": [219, 221, 222], "summary": {"covered_lines": 3, "num_statements": 5, "percent_covered": 60.0, "percent_covered_display": "60", "missing_lines": 2, "excluded_lines": 0, "percent_statements_covered": 60.0, "percent_statements_covered_display": "60"}, "missing_lines": [220, 223], "excluded_lines": [], "start_line": 217}, "PayloadGenerator._split": {"executed_lines": [227, 232], "summary": {"covered_lines": 2, "num_statements": 6, "percent_covered": 33.333333333333336, "percent_covered_display": "33", "missing_lines": 4, "excluded_lines": 0, "percent_statements_covered": 33.333333333333336, "percent_statements_covered_display": "33"}, "missing_lines": [228, 229, 230, 231], "excluded_lines": [], "start_line": 225}, "PayloadGenerator._compose_payload": {"executed_lines": [236, 240], "summary": {"covered_lines": 2, "num_statements": 3, "percent_covered": 66.66666666666667, "percent_covered_display": "67", "missing_lines": 1, "excluded_lines": 0, "percent_statements_covered": 66.66666666666667, "percent_statements_covered_display": "67"}, "missing_lines": [237], "excluded_lines": [], "start_line": 234}, "PayloadGenerator._estimate_bypass_prob": {"executed_lines": [244, 247, 250, 252], "summary": {"covered_lines": 4, "num_statements": 4, "percent_covered": 100.0, "percent_covered_display": "100", "missing_lines": 0, "excluded_lines": 0, "percent_statements_covered": 100.0, "percent_statements_covered_display": "100"}, "missing_lines": [], "excluded_lines": [], "start_line": 242}, "generate_batch": {"executed_lines": [258, 259, 261, 262, 263, 265], "summary": {"covered_lines": 6, "num_statements": 6, "percent_covered": 100.0, "percent_covered_display": "100", "missing_lines": 0, "excluded_lines": 0, "percent_statements_covered": 100.0, "percent_statements_covered_display": "100"}, "missing_lines": [], "excluded_lines": [], "start_line": 255}, "export_payloads": {"executed_lines": [271, 272, 273, 274, 275], "summary": {"covered_lines": 5, "num_statements": 11, "percent_covered": 45.45454545454545, "percent_covered_display": "45", "missing_lines": 6, "excluded_lines": 0, "percent_statements_covered": 45.45454545454545, "percent_statements_covered_display": "45"}, "missing_lines": [282, 283, 284, 285, 286, 288], "excluded_lines": [], "start_line": 268}, "": {"executed_lines": [8, 9, 10, 11, 12, 13, 14, 17, 18, 19, 20, 21, 22, 23, 24, 25, 28, 29, 30, 31, 32, 33, 34, 35, 38, 41, 45, 58, 103, 107, 133, 149, 166, 178, 185, 208, 217, 225, 234, 242, 255, 268, 291], "summary": {"covered_lines": 43, "num_statements": 53, "percent_covered": 81.13207547169812, "percent_covered_display": "81", "missing_lines": 10, "excluded_lines": 0, "percent_statements_covered": 81.13207547169812, "percent_statements_covered_display": "81"}, "missing_lines": [292, 293, 295, 296, 298, 299, 300, 301, 302, 303], "excluded_lines": [], "start_line": 1}}, "classes": {"MutationStrategy": {"executed_lines": [], "summary": {"covered_lines": 0, "num_statements": 0, "percent_covered": 100.0, "percent_covered_display": "100", "missing_lines": 0, "excluded_lines": 0, "percent_statements_covered": 100.0, "percent_statements_covered_display": "100"}, "missing_lines": [], "excluded_lines": [], "start_line": 17}, "GeneratedPayload": {"executed_lines": [], "summary": {"covered_lines": 0, "num_statements": 0, "percent_covered": 100.0, "percent_covered_display": "100", "missing_lines": 0, "excluded_lines": 0, "percent_statements_covered": 100.0, "percent_statements_covered_display": "100"}, "missing_lines": [], "excluded_lines": [], "start_line": 29}, "PayloadGenerator": {"executed_lines": [42, 43, 47, 73, 74, 76, 77, 78, 79, 81, 87, 89, 99, 101, 105, 111, 113, 114, 115, 116, 117, 118, 119, 120, 121, 122, 123, 124, 125, 126, 127, 128, 129, 131, 135, 141, 142, 143, 144, 145, 147, 151, 158, 159, 164, 168, 175, 176, 180, 181, 182, 183, 187, 188, 190, 192, 193, 194, 195, 196, 198, 200, 201, 202, 203, 204, 206, 210, 212, 213, 214, 219, 221, 222, 227, 232, 236, 240, 244, 247, 250, 252], "summary": {"covered_lines": 82, "num_statements": 94, "percent_covered": 87.23404255319149, "percent_covered_display": "87", "missing_lines": 12, "excluded_lines": 0, "percent_statements_covered": 87.23404255319149, "percent_statements_covered_display": "87"}, "missing_lines": [160, 161, 162, 211, 215, 220, 223, 228, 229, 230, 231, 237], "excluded_lines": [], "start_line": 38}, "": {"executed_lines": [8, 9, 10, 11, 12, 13, 14, 17, 18, 19, 20, 21, 22, 23, 24, 25, 28, 29, 30, 31, 32, 33, 34, 35, 38, 41, 45, 58, 103, 107, 133, 149, 166, 178, 185, 208, 217, 225, 234, 242, 255, 258, 259, 261, 262, 263, 265, 268, 271, 272, 273, 274, 275, 291], "summary": {"covered_lines": 54, "num_statements": 70, "percent_covered": 77.14285714285714, "percent_covered_display": "77", "missing_lines": 16, "excluded_lines": 0, "percent_statements_covered": 77.14285714285714, "percent_statements_covered_display": "77"}, "missing_lines": [282, 283, 284, 285, 286, 288, 292, 293, 295, 296, 298, 299, 300, 301, 302, 303], "excluded_lines": [], "start_line": 1}}}, "prompt_injection.py": {"executed_lines": [8, 9, 10, 11, 14, 15, 16, 17, 18, 19, 22, 23, 24, 25, 26, 27, 28, 29, 33, 101, 103, 106, 108, 111, 113, 116, 124, 129, 130, 134, 135, 138, 149, 150, 151, 152, 153, 154, 157, 168, 169, 173, 184, 189, 191, 207], "summary": {"covered_lines": 46, "num_statements": 64, "percent_covered": 71.875, "percent_covered_display": "72", "missing_lines": 18, "excluded_lines": 0, "percent_statements_covered": 71.875, "percent_statements_covered_display": "72"}, "missing_lines": [118, 119, 120, 121, 131, 170, 171, 186, 208, 209, 210, 211, 212, 213, 214, 215, 216, 217], "excluded_lines": [], "functions": {"get_test": {"executed_lines": [103], "summary": {"covered_lines": 1, "num_statements": 1, "percent_covered": 100.0, "percent_covered_display": "100", "missing_lines": 0, "excluded_lines": 0, "percent_statements_covered": 100.0, "percent_statements_covered_display": "100"}, "missing_lines": [], "excluded_lines": [], "start_line": 101}, "list_tests": {"executed_lines": [108], "summary": {"covered_lines": 1, "num_statements": 1, "percent_covered": 100.0, "percent_covered_display": "100", "missing_lines": 0, "excluded_lines": 0, "percent_statements_covered": 100.0, "percent_statements_covered_display": "100"}, "missing_lines": [], "excluded_lines": [], "start_line": 106}, "get_tests_by_type": {"executed_lines": [113], "summary": {"covered_lines": 1, "num_statements": 1, "percent_covered": 100.0, "percent_covered_display": "100", "missing_lines": 0, "excluded_lines": 0, "percent_statements_covered": 100.0, "percent_statements_covered_display": "100"}, "missing_lines": [], "excluded_lines": [], "start_line": 111}, "generate_test_payload": {"executed_lines": [], "summary": {"covered_lines": 0, "num_statements": 4, "percent_covered": 0.0, "percent_covered_display": "0", "missing_lines": 4, "excluded_lines": 0, "percent_statements_covered": 0.0, "percent_statements_covered_display": "0"}, "missing_lines": [118, 119, 120, 121], "excluded_lines": [], "start_line": 116}, "run_injection_audit": {"executed_lines": [129, 130, 134, 135, 138, 149, 150, 151, 152, 153, 154, 157, 168, 169, 173], "summary": {"covered_lines": 15, "num_statements": 18, "percent_covered": 83.33333333333333, "percent_covered_display": "83", "missing_lines": 3, "excluded_lines": 0, "percent_statements_covered": 83.33333333333333, "percent_statements_covered_display": "83"}, "missing_lines": [131, 170, 171], "excluded_lines": [], "start_line": 124}, "generate_payload_hash": {"executed_lines": [], "summary": {"covered_lines": 0, "num_statements": 1, "percent_covered": 0.0, "percent_covered_display": "0", "missing_lines": 1, "excluded_lines": 0, "percent_statements_covered": 0.0, "percent_statements_covered_display": "0"}, "missing_lines": [186], "excluded_lines": [], "start_line": 184}, "audit_injection_framework": {"executed_lines": [191], "summary": {"covered_lines": 1, "num_statements": 1, "percent_covered": 100.0, "percent_covered_display": "100", "missing_lines": 0, "excluded_lines": 0, "percent_statements_covered": 100.0, "percent_statements_covered_display": "100"}, "missing_lines": [], "excluded_lines": [], "start_line": 189}, "": {"executed_lines": [8, 9, 10, 11, 14, 15, 16, 17, 18, 19, 22, 23, 24, 25, 26, 27, 28, 29, 33, 101, 106, 111, 116, 124, 184, 189, 207], "summary": {"covered_lines": 27, "num_statements": 37, "percent_covered": 72.97297297297297, "percent_covered_display": "73", "missing_lines": 10, "excluded_lines": 0, "percent_statements_covered": 72.97297297297297, "percent_statements_covered_display": "73"}, "missing_lines": [208, 209, 210, 211, 212, 213, 214, 215, 216, 217], "excluded_lines": [], "start_line": 1}}, "classes": {"InjectionType": {"executed_lines": [], "summary": {"covered_lines": 0, "num_statements": 0, "percent_covered": 100.0, "percent_covered_display": "100", "missing_lines": 0, "excluded_lines": 0, "percent_statements_covered": 100.0, "percent_statements_covered_display": "100"}, "missing_lines": [], "excluded_lines": [], "start_line": 14}, "InjectionTest": {"executed_lines": [], "summary": {"covered_lines": 0, "num_statements": 0, "percent_covered": 100.0, "percent_covered_display": "100", "missing_lines": 0, "excluded_lines": 0, "percent_statements_covered": 100.0, "percent_statements_covered_display": "100"}, "missing_lines": [], "excluded_lines": [], "start_line": 23}, "": {"executed_lines": [8, 9, 10, 11, 14, 15, 16, 17, 18, 19, 22, 23, 24, 25, 26, 27, 28, 29, 33, 101, 103, 106, 108, 111, 113, 116, 124, 129, 130, 134, 135, 138, 149, 150, 151, 152, 153, 154, 157, 168, 169, 173, 184, 189, 191, 207], "summary": {"covered_lines": 46, "num_statements": 64, "percent_covered": 71.875, "percent_covered_display": "72", "missing_lines": 18, "excluded_lines": 0, "percent_statements_covered": 71.875, "percent_statements_covered_display": "72"}, "missing_lines": [118, 119, 120, 121, 131, 170, 171, 186, 208, 209, 210, 211, 212, 213, 214, 215, 216, 217], "excluded_lines": [], "start_line": 1}}}, "safety_bypass.py": {"executed_lines": [], "summary": {"covered_lines": 0, "num_statements": 68, "percent_covered": 0.0, "percent_covered_display": "0", "missing_lines": 68, "excluded_lines": 0, "percent_statements_covered": 0.0, "percent_statements_covered_display": "0"}, "missing_lines": [8, 9, 10, 11, 14, 15, 16, 17, 18, 19, 22, 23, 24, 25, 26, 27, 28, 29, 33, 117, 119, 122, 124, 127, 129, 132, 137, 140, 149, 150, 151, 154, 155, 158, 159, 160, 161, 163, 166, 171, 172, 173, 176, 187, 197, 199, 200, 202, 204, 216, 218, 228, 230, 232, 233, 241, 244, 245, 246, 247, 248, 249, 250, 251, 253, 254, 255, 256], "excluded_lines": [], "functions": {"get_technique": {"executed_lines": [], "summary": {"covered_lines": 0, "num_statements": 1, "percent_covered": 0.0, "percent_covered_display": "0", "missing_lines": 1, "excluded_lines": 0, "percent_statements_covered": 0.0, "percent_statements_covered_display": "0"}, "missing_lines": [119], "excluded_lines": [], "start_line": 117}, "list_techniques": {"executed_lines": [], "summary": {"covered_lines": 0, "num_statements": 1, "percent_covered": 0.0, "percent_covered_display": "0", "missing_lines": 1, "excluded_lines": 0, "percent_statements_covered": 0.0, "percent_statements_covered_display": "0"}, "missing_lines": [124], "excluded_lines": [], "start_line": 122}, "get_techniques_by_category": {"executed_lines": [], "summary": {"covered_lines": 0, "num_statements": 1, "percent_covered": 0.0, "percent_covered_display": "0", "missing_lines": 1, "excluded_lines": 0, "percent_statements_covered": 0.0, "percent_statements_covered_display": "0"}, "missing_lines": [129], "excluded_lines": [], "start_line": 127}, "detect_technique": {"executed_lines": [], "summary": {"covered_lines": 0, "num_statements": 12, "percent_covered": 0.0, "percent_covered_display": "0", "missing_lines": 12, "excluded_lines": 0, "percent_statements_covered": 0.0, "percent_statements_covered_display": "0"}, "missing_lines": [137, 140, 149, 150, 151, 154, 155, 158, 159, 160, 161, 163], "excluded_lines": [], "start_line": 132}, "evaluate_bypass_attempt": {"executed_lines": [], "summary": {"covered_lines": 0, "num_statements": 10, "percent_covered": 0.0, "percent_covered_display": "0", "missing_lines": 10, "excluded_lines": 0, "percent_statements_covered": 0.0, "percent_statements_covered_display": "0"}, "missing_lines": [171, 172, 173, 176, 187, 197, 199, 200, 202, 204], "excluded_lines": [], "start_line": 166}, "audit_bypass_framework": {"executed_lines": [], "summary": {"covered_lines": 0, "num_statements": 1, "percent_covered": 0.0, "percent_covered_display": "0", "missing_lines": 1, "excluded_lines": 0, "percent_statements_covered": 0.0, "percent_statements_covered_display": "0"}, "missing_lines": [218], "excluded_lines": [], "start_line": 216}, "generate_test_suite": {"executed_lines": [], "summary": {"covered_lines": 0, "num_statements": 4, "percent_covered": 0.0, "percent_covered_display": "0", "missing_lines": 4, "excluded_lines": 0, "percent_statements_covered": 0.0, "percent_statements_covered_display": "0"}, "missing_lines": [230, 232, 233, 241], "excluded_lines": [], "start_line": 228}, "": {"executed_lines": [], "summary": {"covered_lines": 0, "num_statements": 38, "percent_covered": 0.0, "percent_covered_display": "0", "missing_lines": 38, "excluded_lines": 0, "percent_statements_covered": 0.0, "percent_statements_covered_display": "0"}, "missing_lines": [8, 9, 10, 11, 14, 15, 16, 17, 18, 19, 22, 23, 24, 25, 26, 27, 28, 29, 33, 117, 122, 127, 132, 166, 216, 228, 244, 245, 246, 247, 248, 249, 250, 251, 253, 254, 255, 256], "excluded_lines": [], "start_line": 1}}, "classes": {"BypassCategory": {"executed_lines": [], "summary": {"covered_lines": 0, "num_statements": 0, "percent_covered": 100.0, "percent_covered_display": "100", "missing_lines": 0, "excluded_lines": 0, "percent_statements_covered": 100.0, "percent_statements_covered_display": "100"}, "missing_lines": [], "excluded_lines": [], "start_line": 14}, "BypassTechnique": {"executed_lines": [], "summary": {"covered_lines": 0, "num_statements": 0, "percent_covered": 100.0, "percent_covered_display": "100", "missing_lines": 0, "excluded_lines": 0, "percent_statements_covered": 100.0, "percent_statements_covered_display": "100"}, "missing_lines": [], "excluded_lines": [], "start_line": 23}, "": {"executed_lines": [], "summary": {"covered_lines": 0, "num_statements": 68, "percent_covered": 0.0, "percent_covered_display": "0", "missing_lines": 68, "excluded_lines": 0, "percent_statements_covered": 0.0, "percent_statements_covered_display": "0"}, "missing_lines": [8, 9, 10, 11, 14, 15, 16, 17, 18, 19, 22, 23, 24, 25, 26, 27, 28, 29, 33, 117, 119, 122, 124, 127, 129, 132, 137, 140, 149, 150, 151, 154, 155, 158, 159, 160, 161, 163, 166, 171, 172, 173, 176, 187, 197, 199, 200, 202, 204, 216, 218, 228, 230, 232, 233, 241, 244, 245, 246, 247, 248, 249, 250, 251, 253, 254, 255, 256], "excluded_lines": [], "start_line": 1}}}, "tests/__init__.py": {"executed_lines": [], "summary": {"covered_lines": 0, "num_statements": 0, "percent_covered": 100.0, "percent_covered_display": "100", "missing_lines": 0, "excluded_lines": 0, "percent_statements_covered": 100.0, "percent_statements_covered_display": "100"}, "missing_lines": [], "excluded_lines": [], "functions": {"": {"executed_lines": [], "summary": {"covered_lines": 0, "num_statements": 0, "percent_covered": 100.0, "percent_covered_display": "100", "missing_lines": 0, "excluded_lines": 0, "percent_statements_covered": 100.0, "percent_statements_covered_display": "100"}, "missing_lines": [], "excluded_lines": [], "start_line": 1}}, "classes": {"": {"executed_lines": [], "summary": {"covered_lines": 0, "num_statements": 0, "percent_covered": 100.0, "percent_covered_display": "100", "missing_lines": 0, "excluded_lines": 0, "percent_statements_covered": 100.0, "percent_statements_covered_display": "100"}, "missing_lines": [], "excluded_lines": [], "start_line": 1}}}, "tests/test_advanced_techniques.py": {"executed_lines": [6, 7, 8, 10, 12, 18, 21, 23, 24, 25, 27, 29, 30, 31, 32, 34, 36, 37, 38, 40, 42, 43, 44, 47, 50, 52, 53, 54, 56, 58, 59, 60, 62, 64, 65, 66, 68, 70, 71, 72, 75, 78, 80, 81, 82, 84, 86, 87, 88, 90, 92, 93, 94, 97, 100, 102, 103, 104, 106, 108, 109, 110, 112, 114, 115, 116, 118, 120, 121, 122, 125, 128, 130, 131, 132, 134, 136, 137, 138, 140, 142, 143, 144, 146, 148, 149, 150, 153, 156, 158, 166, 167, 169, 171, 179, 180, 182, 184, 185, 188], "summary": {"covered_lines": 100, "num_statements": 101, "percent_covered": 99.00990099009901, "percent_covered_display": "99", "missing_lines": 1, "excluded_lines": 0, "percent_statements_covered": 99.00990099009901, "percent_statements_covered_display": "99"}, "missing_lines": [189], "excluded_lines": [], "functions": {"TestTreeOfThoughts.test_template_exists": {"executed_lines": [23, 24, 25], "summary": {"covered_lines": 3, "num_statements": 3, "percent_covered": 100.0, "percent_covered_display": "100", "missing_lines": 0, "excluded_lines": 0, "percent_statements_covered": 100.0, "percent_statements_covered_display": "100"}, "missing_lines": [], "excluded_lines": [], "start_line": 21}, "TestTreeOfThoughts.test_template_contains_branches": {"executed_lines": [29, 30, 31, 32], "summary": {"covered_lines": 4, "num_statements": 4, "percent_covered": 100.0, "percent_covered_display": "100", "missing_lines": 0, "excluded_lines": 0, "percent_statements_covered": 100.0, "percent_statements_covered_display": "100"}, "missing_lines": [], "excluded_lines": [], "start_line": 27}, "TestTreeOfThoughts.test_payload_generation": {"executed_lines": [36, 37, 38], "summary": {"covered_lines": 3, "num_statements": 3, "percent_covered": 100.0, "percent_covered_display": "100", "missing_lines": 0, "excluded_lines": 0, "percent_statements_covered": 100.0, "percent_statements_covered_display": "100"}, "missing_lines": [], "excluded_lines": [], "start_line": 34}, "TestTreeOfThoughts.test_effectiveness_score": {"executed_lines": [42, 43, 44], "summary": {"covered_lines": 3, "num_statements": 3, "percent_covered": 100.0, "percent_covered_display": "100", "missing_lines": 0, "excluded_lines": 0, "percent_statements_covered": 100.0, "percent_statements_covered_display": "100"}, "missing_lines": [], "excluded_lines": [], "start_line": 40}, "TestMultiTurnEscalation.test_template_exists": {"executed_lines": [52, 53, 54], "summary": {"covered_lines": 3, "num_statements": 3, "percent_covered": 100.0, "percent_covered_display": "100", "missing_lines": 0, "excluded_lines": 0, "percent_statements_covered": 100.0, "percent_statements_covered_display": "100"}, "missing_lines": [], "excluded_lines": [], "start_line": 50}, "TestMultiTurnEscalation.test_template_has_turns": {"executed_lines": [58, 59, 60], "summary": {"covered_lines": 3, "num_statements": 3, "percent_covered": 100.0, "percent_covered_display": "100", "missing_lines": 0, "excluded_lines": 0, "percent_statements_covered": 100.0, "percent_statements_covered_display": "100"}, "missing_lines": [], "excluded_lines": [], "start_line": 56}, "TestMultiTurnEscalation.test_payload_generation": {"executed_lines": [64, 65, 66], "summary": {"covered_lines": 3, "num_statements": 3, "percent_covered": 100.0, "percent_covered_display": "100", "missing_lines": 0, "excluded_lines": 0, "percent_statements_covered": 100.0, "percent_statements_covered_display": "100"}, "missing_lines": [], "excluded_lines": [], "start_line": 62}, "TestMultiTurnEscalation.test_effectiveness_score": {"executed_lines": [70, 71, 72], "summary": {"covered_lines": 3, "num_statements": 3, "percent_covered": 100.0, "percent_covered_display": "100", "missing_lines": 0, "excluded_lines": 0, "percent_statements_covered": 100.0, "percent_statements_covered_display": "100"}, "missing_lines": [], "excluded_lines": [], "start_line": 68}, "TestFalsePremiseEmbedding.test_template_exists": {"executed_lines": [80, 81, 82], "summary": {"covered_lines": 3, "num_statements": 3, "percent_covered": 100.0, "percent_covered_display": "100", "missing_lines": 0, "excluded_lines": 0, "percent_statements_covered": 100.0, "percent_statements_covered_display": "100"}, "missing_lines": [], "excluded_lines": [], "start_line": 78}, "TestFalsePremiseEmbedding.test_template_has_premise_placeholder": {"executed_lines": [86, 87, 88], "summary": {"covered_lines": 3, "num_statements": 3, "percent_covered": 100.0, "percent_covered_display": "100", "missing_lines": 0, "excluded_lines": 0, "percent_statements_covered": 100.0, "percent_statements_covered_display": "100"}, "missing_lines": [], "excluded_lines": [], "start_line": 84}, "TestFalsePremiseEmbedding.test_effectiveness_score": {"executed_lines": [92, 93, 94], "summary": {"covered_lines": 3, "num_statements": 3, "percent_covered": 100.0, "percent_covered_display": "100", "missing_lines": 0, "excluded_lines": 0, "percent_statements_covered": 100.0, "percent_statements_covered_display": "100"}, "missing_lines": [], "excluded_lines": [], "start_line": 90}, "TestCodeInjectionFraming.test_template_exists": {"executed_lines": [102, 103, 104], "summary": {"covered_lines": 3, "num_statements": 3, "percent_covered": 100.0, "percent_covered_display": "100", "missing_lines": 0, "excluded_lines": 0, "percent_statements_covered": 100.0, "percent_statements_covered_display": "100"}, "missing_lines": [], "excluded_lines": [], "start_line": 100}, "TestCodeInjectionFraming.test_template_has_code_block": {"executed_lines": [108, 109, 110], "summary": {"covered_lines": 3, "num_statements": 3, "percent_covered": 100.0, "percent_covered_display": "100", "missing_lines": 0, "excluded_lines": 0, "percent_statements_covered": 100.0, "percent_statements_covered_display": "100"}, "missing_lines": [], "excluded_lines": [], "start_line": 106}, "TestCodeInjectionFraming.test_payload_generation": {"executed_lines": [114, 115, 116], "summary": {"covered_lines": 3, "num_statements": 3, "percent_covered": 100.0, "percent_covered_display": "100", "missing_lines": 0, "excluded_lines": 0, "percent_statements_covered": 100.0, "percent_statements_covered_display": "100"}, "missing_lines": [], "excluded_lines": [], "start_line": 112}, "TestCodeInjectionFraming.test_effectiveness_score": {"executed_lines": [120, 121, 122], "summary": {"covered_lines": 3, "num_statements": 3, "percent_covered": 100.0, "percent_covered_display": "100", "missing_lines": 0, "excluded_lines": 0, "percent_statements_covered": 100.0, "percent_statements_covered_display": "100"}, "missing_lines": [], "excluded_lines": [], "start_line": 118}, "TestAdversarialSuffix.test_template_exists": {"executed_lines": [130, 131, 132], "summary": {"covered_lines": 3, "num_statements": 3, "percent_covered": 100.0, "percent_covered_display": "100", "missing_lines": 0, "excluded_lines": 0, "percent_statements_covered": 100.0, "percent_statements_covered_display": "100"}, "missing_lines": [], "excluded_lines": [], "start_line": 128}, "TestAdversarialSuffix.test_template_has_parameters": {"executed_lines": [136, 137, 138], "summary": {"covered_lines": 3, "num_statements": 3, "percent_covered": 100.0, "percent_covered_display": "100", "missing_lines": 0, "excluded_lines": 0, "percent_statements_covered": 100.0, "percent_statements_covered_display": "100"}, "missing_lines": [], "excluded_lines": [], "start_line": 134}, "TestAdversarialSuffix.test_payload_generation": {"executed_lines": [142, 143, 144], "summary": {"covered_lines": 3, "num_statements": 3, "percent_covered": 100.0, "percent_covered_display": "100", "missing_lines": 0, "excluded_lines": 0, "percent_statements_covered": 100.0, "percent_statements_covered_display": "100"}, "missing_lines": [], "excluded_lines": [], "start_line": 140}, "TestAdversarialSuffix.test_effectiveness_score": {"executed_lines": [148, 149, 150], "summary": {"covered_lines": 3, "num_statements": 3, "percent_covered": 100.0, "percent_covered_display": "100", "missing_lines": 0, "excluded_lines": 0, "percent_statements_covered": 100.0, "percent_statements_covered_display": "100"}, "missing_lines": [], "excluded_lines": [], "start_line": 146}, "TestNewTechniqueTypes.test_all_new_types_exist": {"executed_lines": [158, 166, 167], "summary": {"covered_lines": 3, "num_statements": 3, "percent_covered": 100.0, "percent_covered_display": "100", "missing_lines": 0, "excluded_lines": 0, "percent_statements_covered": 100.0, "percent_statements_covered_display": "100"}, "missing_lines": [], "excluded_lines": [], "start_line": 156}, "TestNewTechniqueTypes.test_new_templates_count": {"executed_lines": [171, 179, 180], "summary": {"covered_lines": 3, "num_statements": 3, "percent_covered": 100.0, "percent_covered_display": "100", "missing_lines": 0, "excluded_lines": 0, "percent_statements_covered": 100.0, "percent_statements_covered_display": "100"}, "missing_lines": [], "excluded_lines": [], "start_line": 169}, "TestNewTechniqueTypes.test_total_template_count": {"executed_lines": [184, 185], "summary": {"covered_lines": 2, "num_statements": 2, "percent_covered": 100.0, "percent_covered_display": "100", "missing_lines": 0, "excluded_lines": 0, "percent_statements_covered": 100.0, "percent_statements_covered_display": "100"}, "missing_lines": [], "excluded_lines": [], "start_line": 182}, "": {"executed_lines": [6, 7, 8, 10, 12, 18, 21, 27, 34, 40, 47, 50, 56, 62, 68, 75, 78, 84, 90, 97, 100, 106, 112, 118, 125, 128, 134, 140, 146, 153, 156, 169, 182, 188], "summary": {"covered_lines": 34, "num_statements": 35, "percent_covered": 97.14285714285714, "percent_covered_display": "97", "missing_lines": 1, "excluded_lines": 0, "percent_statements_covered": 97.14285714285714, "percent_statements_covered_display": "97"}, "missing_lines": [189], "excluded_lines": [], "start_line": 1}}, "classes": {"TestTreeOfThoughts": {"executed_lines": [23, 24, 25, 29, 30, 31, 32, 36, 37, 38, 42, 43, 44], "summary": {"covered_lines": 13, "num_statements": 13, "percent_covered": 100.0, "percent_covered_display": "100", "missing_lines": 0, "excluded_lines": 0, "percent_statements_covered": 100.0, "percent_statements_covered_display": "100"}, "missing_lines": [], "excluded_lines": [], "start_line": 18}, "TestMultiTurnEscalation": {"executed_lines": [52, 53, 54, 58, 59, 60, 64, 65, 66, 70, 71, 72], "summary": {"covered_lines": 12, "num_statements": 12, "percent_covered": 100.0, "percent_covered_display": "100", "missing_lines": 0, "excluded_lines": 0, "percent_statements_covered": 100.0, "percent_statements_covered_display": "100"}, "missing_lines": [], "excluded_lines": [], "start_line": 47}, "TestFalsePremiseEmbedding": {"executed_lines": [80, 81, 82, 86, 87, 88, 92, 93, 94], "summary": {"covered_lines": 9, "num_statements": 9, "percent_covered": 100.0, "percent_covered_display": "100", "missing_lines": 0, "excluded_lines": 0, "percent_statements_covered": 100.0, "percent_statements_covered_display": "100"}, "missing_lines": [], "excluded_lines": [], "start_line": 75}, "TestCodeInjectionFraming": {"executed_lines": [102, 103, 104, 108, 109, 110, 114, 115, 116, 120, 121, 122], "summary": {"covered_lines": 12, "num_statements": 12, "percent_covered": 100.0, "percent_covered_display": "100", "missing_lines": 0, "excluded_lines": 0, "percent_statements_covered": 100.0, "percent_statements_covered_display": "100"}, "missing_lines": [], "excluded_lines": [], "start_line": 97}, "TestAdversarialSuffix": {"executed_lines": [130, 131, 132, 136, 137, 138, 142, 143, 144, 148, 149, 150], "summary": {"covered_lines": 12, "num_statements": 12, "percent_covered": 100.0, "percent_covered_display": "100", "missing_lines": 0, "excluded_lines": 0, "percent_statements_covered": 100.0, "percent_statements_covered_display": "100"}, "missing_lines": [], "excluded_lines": [], "start_line": 125}, "TestNewTechniqueTypes": {"executed_lines": [158, 166, 167, 171, 179, 180, 184, 185], "summary": {"covered_lines": 8, "num_statements": 8, "percent_covered": 100.0, "percent_covered_display": "100", "missing_lines": 0, "excluded_lines": 0, "percent_statements_covered": 100.0, "percent_statements_covered_display": "100"}, "missing_lines": [], "excluded_lines": [], "start_line": 153}, "": {"executed_lines": [6, 7, 8, 10, 12, 18, 21, 27, 34, 40, 47, 50, 56, 62, 68, 75, 78, 84, 90, 97, 100, 106, 112, 118, 125, 128, 134, 140, 146, 153, 156, 169, 182, 188], "summary": {"covered_lines": 34, "num_statements": 35, "percent_covered": 97.14285714285714, "percent_covered_display": "97", "missing_lines": 1, "excluded_lines": 0, "percent_statements_covered": 97.14285714285714, "percent_statements_covered_display": "97"}, "missing_lines": [189], "excluded_lines": [], "start_line": 1}}}, "tests/test_detection_evasion.py": {"executed_lines": [6, 7, 8, 11, 13, 19, 22, 24, 26, 28, 29, 31, 32, 33, 35, 37, 38, 41, 43, 46, 47, 49, 51, 53, 54, 56, 58, 60, 66, 68, 70, 72, 73, 75, 77, 79, 84, 87, 88, 90, 92, 93, 95, 97, 99, 100, 102, 104, 106, 107, 109, 111, 113, 119, 121, 123, 125, 126, 128, 130, 132, 133, 135, 137, 140, 152, 154, 155, 156, 158, 160, 161, 164, 165, 167, 169, 170, 172, 173, 175, 177, 182, 184, 186, 188, 190, 191, 193, 195, 197, 204, 206, 208, 209, 211, 213, 214, 216, 217, 218, 219, 222, 223, 224, 225, 226, 228, 230, 235, 237, 238, 240, 243, 246, 248, 250, 258, 259, 262, 265, 267, 276, 277, 278, 279, 282], "summary": {"covered_lines": 126, "num_statements": 127, "percent_covered": 99.21259842519684, "percent_covered_display": "99", "missing_lines": 1, "excluded_lines": 0, "percent_statements_covered": 99.21259842519684, "percent_statements_covered_display": "99"}, "missing_lines": [283], "excluded_lines": [], "functions": {"TestDetectionEvasionAnalyzer.setUp": {"executed_lines": [24], "summary": {"covered_lines": 1, "num_statements": 1, "percent_covered": 100.0, "percent_covered_display": "100", "missing_lines": 0, "excluded_lines": 0, "percent_statements_covered": 100.0, "percent_statements_covered_display": "100"}, "missing_lines": [], "excluded_lines": [], "start_line": 22}, "TestDetectionEvasionAnalyzer.test_basic_payload_analysis": {"executed_lines": [28, 29, 31, 32, 33], "summary": {"covered_lines": 5, "num_statements": 5, "percent_covered": 100.0, "percent_covered_display": "100", "missing_lines": 0, "excluded_lines": 0, "percent_statements_covered": 100.0, "percent_statements_covered_display": "100"}, "missing_lines": [], "excluded_lines": [], "start_line": 26}, "TestDetectionEvasionAnalyzer.test_direct_command_detection": {"executed_lines": [37, 38, 41], "summary": {"covered_lines": 3, "num_statements": 3, "percent_covered": 100.0, "percent_covered_display": "100", "missing_lines": 0, "excluded_lines": 0, "percent_statements_covered": 100.0, "percent_statements_covered_display": "100"}, "missing_lines": [], "excluded_lines": [], "start_line": 35}, "TestDetectionEvasionAnalyzer.test_encoding_detection_base64": {"executed_lines": [46, 47, 49], "summary": {"covered_lines": 3, "num_statements": 3, "percent_covered": 100.0, "percent_covered_display": "100", "missing_lines": 0, "excluded_lines": 0, "percent_statements_covered": 100.0, "percent_statements_covered_display": "100"}, "missing_lines": [], "excluded_lines": [], "start_line": 43}, "TestDetectionEvasionAnalyzer.test_encoding_detection_markers": {"executed_lines": [53, 54, 56], "summary": {"covered_lines": 3, "num_statements": 3, "percent_covered": 100.0, "percent_covered_display": "100", "missing_lines": 0, "excluded_lines": 0, "percent_statements_covered": 100.0, "percent_statements_covered_display": "100"}, "missing_
[...]
estPromptCompression.test_dense_clause_packing": {"executed_lines": [157, 158, 161, 162], "summary": {"covered_lines": 4, "num_statements": 4, "percent_covered": 100.0, "percent_covered_display": "100", "missing_lines": 0, "excluded_lines": 0, "percent_statements_covered": 100.0, "percent_statements_covered_display": "100"}, "missing_lines": [], "excluded_lines": [], "start_line": 155}, "TestPromptCompression.test_long_average_word_length": {"executed_lines": [166, 167, 169], "summary": {"covered_lines": 3, "num_statements": 3, "percent_covered": 100.0, "percent_covered_display": "100", "missing_lines": 0, "excluded_lines": 0, "percent_statements_covered": 100.0, "percent_statements_covered_display": "100"}, "missing_lines": [], "excluded_lines": [], "start_line": 164}, "TestPromptCompression.test_stacked_modifiers": {"executed_lines": [173, 174, 176], "summary": {"covered_lines": 3, "num_statements": 3, "percent_covered": 100.0, "percent_covered_display": "100", "missing_lines": 0, "excluded_lines": 0, "percent_statements_covered": 100.0, "percent_statements_covered_display": "100"}, "missing_lines": [], "excluded_lines": [], "start_line": 171}, "TestPromptCompression.test_telegraphic_speech": {"executed_lines": [180, 181, 183], "summary": {"covered_lines": 3, "num_statements": 3, "percent_covered": 100.0, "percent_covered_display": "100", "missing_lines": 0, "excluded_lines": 0, "percent_statements_covered": 100.0, "percent_statements_covered_display": "100"}, "missing_lines": [], "excluded_lines": [], "start_line": 178}, "TestPromptCompression.test_combined_compression": {"executed_lines": [187, 192, 194], "summary": {"covered_lines": 3, "num_statements": 3, "percent_covered": 100.0, "percent_covered_display": "100", "missing_lines": 0, "excluded_lines": 0, "percent_statements_covered": 100.0, "percent_statements_covered_display": "100"}, "missing_lines": [], "excluded_lines": [], "start_line": 185}, "TestPromptCompression.test_normal_payload": {"executed_lines": [198, 199, 201], "summary": {"covered_lines": 3, "num_statements": 3, "percent_covered": 100.0, "percent_covered_display": "100", "missing_lines": 0, "excluded_lines": 0, "percent_statements_covered": 100.0, "percent_statements_covered_display": "100"}, "missing_lines": [], "excluded_lines": [], "start_line": 196}, "TestPromptCompression.test_compression_in_full_analysis": {"executed_lines": [205, 210, 212], "summary": {"covered_lines": 3, "num_statements": 3, "percent_covered": 100.0, "percent_covered_display": "100", "missing_lines": 0, "excluded_lines": 0, "percent_statements_covered": 100.0, "percent_statements_covered_display": "100"}, "missing_lines": [], "excluded_lines": [], "start_line": 203}, "TestNewEvasionTechniquesEnum.test_semantic_reframing_defined": {"executed_lines": [220], "summary": {"covered_lines": 1, "num_statements": 1, "percent_covered": 100.0, "percent_covered_display": "100", "missing_lines": 0, "excluded_lines": 0, "percent_statements_covered": 100.0, "percent_statements_covered_display": "100"}, "missing_lines": [], "excluded_lines": [], "start_line": 218}, "TestNewEvasionTechniquesEnum.test_prompt_compression_defined": {"executed_lines": [224], "summary": {"covered_lines": 1, "num_statements": 1, "percent_covered": 100.0, "percent_covered_display": "100", "missing_lines": 0, "excluded_lines": 0, "percent_statements_covered": 100.0, "percent_statements_covered_display": "100"}, "missing_lines": [], "excluded_lines": [], "start_line": 222}, "TestNewEvasionTechniquesEnum.test_all_techniques_in_list": {"executed_lines": [228, 230, 231], "summary": {"covered_lines": 3, "num_statements": 3, "percent_covered": 100.0, "percent_covered_display": "100", "missing_lines": 0, "excluded_lines": 0, "percent_statements_covered": 100.0, "percent_statements_covered_display": "100"}, "missing_lines": [], "excluded_lines": [], "start_line": 226}, "TestEvasionReportWithNewTechniques.setUp": {"executed_lines": [239], "summary": {"covered_lines": 1, "num_statements": 1, "percent_covered": 100.0, "percent_covered_display": "100", "missing_lines": 0, "excluded_lines": 0, "percent_statements_covered": 100.0, "percent_statements_covered_display": "100"}, "missing_lines": [], "excluded_lines": [], "start_line": 237}, "TestEvasionReportWithNewTechniques.test_report_includes_semantic_reframing_score": {"executed_lines": [243, 244, 246], "summary": {"covered_lines": 3, "num_statements": 3, "percent_covered": 100.0, "percent_covered_display": "100", "missing_lines": 0, "excluded_lines": 0, "percent_statements_covered": 100.0, "percent_statements_covered_display": "100"}, "missing_lines": [], "excluded_lines": [], "start_line": 241}, "TestEvasionReportWithNewTechniques.test_report_includes_prompt_compression_score": {"executed_lines": [250, 251, 253], "summary": {"covered_lines": 3, "num_statements": 3, "percent_covered": 100.0, "percent_covered_display": "100", "missing_lines": 0, "excluded_lines": 0, "percent_statements_covered": 100.0, "percent_statements_covered_display": "100"}, "missing_lines": [], "excluded_lines": [], "start_line": 248}, "TestEvasionReportWithNewTechniques.test_report_all_scores_present": {"executed_lines": [257, 258, 260, 266, 267], "summary": {"covered_lines": 5, "num_statements": 5, "percent_covered": 100.0, "percent_covered_display": "100", "missing_lines": 0, "excluded_lines": 0, "percent_statements_covered": 100.0, "percent_statements_covered_display": "100"}, "missing_lines": [], "excluded_lines": [], "start_line": 255}, "TestRecommendationsForNewTechniques.setUp": {"executed_lines": [275], "summary": {"covered_lines": 1, "num_statements": 1, "percent_covered": 100.0, "percent_covered_display": "100", "missing_lines": 0, "excluded_lines": 0, "percent_statements_covered": 100.0, "percent_statements_covered_display": "100"}, "missing_lines": [], "excluded_lines": [], "start_line": 273}, "TestRecommendationsForNewTechniques.test_reframing_recommendation": {"executed_lines": [279, 280, 283, 284], "summary": {"covered_lines": 4, "num_statements": 4, "percent_covered": 100.0, "percent_covered_display": "100", "missing_lines": 0, "excluded_lines": 0, "percent_statements_covered": 100.0, "percent_statements_covered_display": "100"}, "missing_lines": [], "excluded_lines": [], "start_line": 277}, "TestRecommendationsForNewTechniques.test_compression_recommendation": {"executed_lines": [288, 289, 292, 294], "summary": {"covered_lines": 4, "num_statements": 4, "percent_covered": 100.0, "percent_covered_display": "100", "missing_lines": 0, "excluded_lines": 0, "percent_statements_covered": 100.0, "percent_statements_covered_display": "100"}, "missing_lines": [], "excluded_lines": [], "start_line": 286}, "": {"executed_lines": [7, 8, 9, 11, 13, 19, 22, 26, 33, 40, 49, 58, 65, 74, 81, 88, 100, 107, 118, 121, 125, 132, 139, 148, 155, 164, 171, 178, 185, 196, 203, 215, 218, 222, 226, 234, 237, 241, 248, 255, 270, 273, 277, 286, 297], "summary": {"covered_lines": 45, "num_statements": 46, "percent_covered": 97.82608695652173, "percent_covered_display": "98", "missing_lines": 1, "excluded_lines": 0, "percent_statements_covered": 97.82608695652173, "percent_statements_covered_display": "98"}, "missing_lines": [298], "excluded_lines": [], "start_line": 1}}, "classes": {"TestSemanticReframing": {"executed_lines": [24, 28, 29, 31, 35, 36, 38, 42, 43, 46, 47, 51, 52, 55, 56, 60, 61, 63, 67, 68, 71, 72, 76, 77, 79, 83, 84, 86, 90, 96, 98, 102, 103, 105, 109, 113, 115], "summary": {"covered_lines": 37, "num_statements": 37, "percent_covered": 100.0, "percent_covered_display": "100", "missing_lines": 0, "excluded_lines": 0, "percent_statements_covered": 100.0, "percent_statements_covered_display": "100"}, "missing_lines": [], "excluded_lines": [], "start_line": 19}, "TestPromptCompression": {"executed_lines": [123, 127, 128, 130, 134, 135, 137, 141, 142, 145, 146, 150, 151, 153, 157, 158, 161, 162, 166, 167, 169, 173, 174, 176, 180, 181, 183, 187, 192, 194, 198, 199, 201, 205, 210, 212], "summary": {"covered_lines": 36, "num_statements": 36, "percent_covered": 100.0, "percent_covered_display": "100", "missing_lines": 0, "excluded_lines": 0, "percent_statements_covered": 100.0, "percent_statements_covered_display": "100"}, "missing_lines": [], "excluded_lines": [], "start_line": 118}, "TestNewEvasionTechniquesEnum": {"executed_lines": [220, 224, 228, 230, 231], "summary": {"covered_lines": 5, "num_statements": 5, "percent_covered": 100.0, "percent_covered_display": "100", "missing_lines": 0, "excluded_lines": 0, "percent_statements_covered": 100.0, "percent_statements_covered_display": "100"}, "missing_lines": [], "excluded_lines": [], "start_line": 215}, "TestEvasionReportWithNewTechniques": {"executed_lines": [239, 243, 244, 246, 250, 251, 253, 257, 258, 260, 266, 267], "summary": {"covered_lines": 12, "num_statements": 12, "percent_covered": 100.0, "percent_covered_display": "100", "missing_lines": 0, "excluded_lines": 0, "percent_statements_covered": 100.0, "percent_statements_covered_display": "100"}, "missing_lines": [], "excluded_lines": [], "start_line": 234}, "TestRecommendationsForNewTechniques": {"executed_lines": [275, 279, 280, 283, 284, 288, 289, 292, 294], "summary": {"covered_lines": 9, "num_statements": 9, "percent_covered": 100.0, "percent_covered_display": "100", "missing_lines": 0, "excluded_lines": 0, "percent_statements_covered": 100.0, "percent_statements_covered_display": "100"}, "missing_lines": [], "excluded_lines": [], "start_line": 270}, "": {"executed_lines": [7, 8, 9, 11, 13, 19, 22, 26, 33, 40, 49, 58, 65, 74, 81, 88, 100, 107, 118, 121, 125, 132, 139, 148, 155, 164, 171, 178, 185, 196, 203, 215, 218, 222, 226, 234, 237, 241, 248, 255, 270, 273, 277, 286, 297], "summary": {"covered_lines": 45, "num_statements": 46, "percent_covered": 97.82608695652173, "percent_covered_display": "98", "missing_lines": 1, "excluded_lines": 0, "percent_statements_covered": 97.82608695652173, "percent_statements_covered_display": "98"}, "missing_lines": [298], "excluded_lines": [], "start_line": 1}}}, "tests/test_payload_generator.py": {"executed_lines": [5, 6, 12, 14, 15, 17, 19, 20, 21, 23, 25, 26, 28, 30, 31, 32, 33, 34, 35, 36, 38, 40, 45, 47, 49, 50, 51, 52, 54, 56, 57, 58, 60, 62, 63, 64, 65, 67, 69, 70, 71, 72, 75], "summary": {"covered_lines": 43, "num_statements": 44, "percent_covered": 97.72727272727273, "percent_covered_display": "98", "missing_lines": 1, "excluded_lines": 0, "percent_statements_covered": 97.72727272727273, "percent_statements_covered_display": "98"}, "missing_lines": [76], "excluded_lines": [], "functions": {"TestPayloadGenerator.setUp": {"executed_lines": [15], "summary": {"covered_lines": 1, "num_statements": 1, "percent_covered": 100.0, "percent_covered_display": "100", "missing_lines": 0, "excluded_lines": 0, "percent_statements_covered": 100.0, "percent_statements_covered_display": "100"}, "missing_lines": [], "excluded_lines": [], "start_line": 14}, "TestPayloadGenerator.test_generate_single": {"executed_lines": [19, 20, 21], "summary": {"covered_lines": 3, "num_statements": 3, "percent_covered": 100.0, "percent_covered_display": "100", "missing_lines": 0, "excluded_lines": 0, "percent_statements_covered": 100.0, "percent_statements_covered_display": "100"}, "missing_lines": [], "excluded_lines": [], "start_line": 17}, "TestPayloadGenerator.test_generate_multiple": {"executed_lines": [25, 26], "summary": {"covered_lines": 2, "num_statements": 2, "percent_covered": 100.0, "percent_covered_display": "100", "missing_lines": 0, "excluded_lines": 0, "percent_statements_covered": 100.0, "percent_statements_covered_display": "100"}, "missing_lines": [], "excluded_lines": [], "start_line": 23}, "TestPayloadGenerator.test_generated_payload_structure": {"executed_lines": [30, 31, 32, 33, 34, 35, 36], "summary": {"covered_lines": 7, "num_statements": 7, "percent_covered": 100.0, "percent_covered_display": "100", "missing_lines": 0, "excluded_lines": 0, "percent_statements_covered": 100.0, "percent_statements_covered_display": "100"}, "missing_lines": [], "excluded_lines": [], "start_line": 28}, "TestPayloadGenerator.test_mutation_strategies_applied": {"executed_lines": [40, 45], "summary": {"covered_lines": 2, "num_statements": 2, "percent_covered": 100.0, "percent_covered_display": "100", "missing_lines": 0, "excluded_lines": 0, "percent_statements_covered": 100.0, "percent_statements_covered_display": "100"}, "missing_lines": [], "excluded_lines": [], "start_line": 38}, "TestPayloadGenerator.test_bypass_probability_range": {"executed_lines": [49, 50, 51, 52], "summary": {"covered_lines": 4, "num_statements": 4, "percent_covered": 100.0, "percent_covered_display": "100", "missing_lines": 0, "excluded_lines": 0, "percent_statements_covered": 100.0, "percent_statements_covered_display": "100"}, "missing_lines": [], "excluded_lines": [], "start_line": 47}, "TestPayloadGenerator.test_generate_batch": {"executed_lines": [56, 57, 58], "summary": {"covered_lines": 3, "num_statements": 3, "percent_covered": 100.0, "percent_covered_display": "100", "missing_lines": 0, "excluded_lines": 0, "percent_statements_covered": 100.0, "percent_statements_covered_display": "100"}, "missing_lines": [], "excluded_lines": [], "start_line": 54}, "TestPayloadGenerator.test_export_text_format": {"executed_lines": [62, 63, 64, 65], "summary": {"covered_lines": 4, "num_statements": 4, "percent_covered": 100.0, "percent_covered_display": "100", "missing_lines": 0, "excluded_lines": 0, "percent_statements_covered": 100.0, "percent_statements_covered_display": "100"}, "missing_lines": [], "excluded_lines": [], "start_line": 60}, "TestPayloadGenerator.test_export_json_format": {"executed_lines": [69, 70, 71, 72], "summary": {"covered_lines": 4, "num_statements": 4, "percent_covered": 100.0, "percent_covered_display": "100", "missing_lines": 0, "excluded_lines": 0, "percent_statements_covered": 100.0, "percent_statements_covered_display": "100"}, "missing_lines": [], "excluded_lines": [], "start_line": 67}, "": {"executed_lines": [5, 6, 12, 14, 17, 23, 28, 38, 47, 54, 60, 67, 75], "summary": {"covered_lines": 13, "num_statements": 14, "percent_covered": 92.85714285714286, "percent_covered_display": "93", "missing_lines": 1, "excluded_lines": 0, "percent_statements_covered": 92.85714285714286, "percent_statements_covered_display": "93"}, "missing_lines": [76], "excluded_lines": [], "start_line": 1}}, "classes": {"TestPayloadGenerator": {"executed_lines": [15, 19, 20, 21, 25, 26, 30, 31, 32, 33, 34, 35, 36, 40, 45, 49, 50, 51, 52, 56, 57, 58, 62, 63, 64, 65, 69, 70, 71, 72], "summary": {"covered_lines": 30, "num_statements": 30, "percent_covered": 100.0, "percent_covered_display": "100", "missing_lines": 0, "excluded_lines": 0, "percent_statements_covered": 100.0, "percent_statements_covered_display": "100"}, "missing_lines": [], "excluded_lines": [], "start_line": 12}, "": {"executed_lines": [5, 6, 12, 14, 17, 23, 28, 38, 47, 54, 60, 67, 75], "summary": {"covered_lines": 13, "num_statements": 14, "percent_covered": 92.85714285714286, "percent_covered_display": "93", "missing_lines": 1, "excluded_lines": 0, "percent_statements_covered": 92.85714285714286, "percent_statements_covered_display": "93"}, "missing_lines": [76], "excluded_lines": [], "start_line": 1}}}, "tests/test_prompt_injection.py": {"executed_lines": [5, 6, 12, 14, 16, 17, 18, 20, 22, 23, 25, 27, 28, 29, 31, 33, 34, 35, 37, 39, 40, 41, 43, 45, 46, 47, 48, 49, 51, 53, 54, 55, 56, 57, 60], "summary": {"covered_lines": 35, "num_statements": 36, "percent_covered": 97.22222222222223, "percent_covered_display": "97", "missing_lines": 1, "excluded_lines": 0, "percent_statements_covered": 97.22222222222223, "percent_statements_covered_display": "97"}, "missing_lines": [61], "excluded_lines": [], "functions": {"TestInjectionTests.test_get_test_exists": {"executed_lines": [16, 17, 18], "summary": {"covered_lines": 3, "num_statements": 3, "percent_covered": 100.0, "percent_covered_display": "100", "missing_lines": 0, "excluded_lines": 0, "percent_statements_covered": 100.0, "percent_statements_covered_display": "100"}, "missing_lines": [], "excluded_lines": [], "start_line": 14}, "TestInjectionTests.test_get_test_unknown": {"executed_lines": [22, 23], "summary": {"covered_lines": 2, "num_statements": 2, "percent_covered": 100.0, "percent_covered_display": "100", "missing_lines": 0, "excluded_lines": 0, "percent_statements_covered": 100.0, "percent_statements_covered_display": "100"}, "missing_lines": [], "excluded_lines": [], "start_line": 20}, "TestInjectionTests.test_list_tests": {"executed_lines": [27, 28, 29], "summary": {"covered_lines": 3, "num_statements": 3, "percent_covered": 100.0, "percent_covered_display": "100", "missing_lines": 0, "excluded_lines": 0, "percent_statements_covered": 100.0, "percent_statements_covered_display": "100"}, "missing_lines": [], "excluded_lines": [], "start_line": 25}, "TestInjectionTests.test_run_injection_audit_pass": {"executed_lines": [33, 34, 35], "summary": {"covered_lines": 3, "num_statements": 3, "percent_covered": 100.0, "percent_covered_display": "100", "missing_lines": 0, "excluded_lines": 0, "percent_statements_covered": 100.0, "percent_statements_covered_display": "100"}, "missing_lines": [], "excluded_lines": [], "start_line": 31}, "TestInjectionTests.test_run_injection_audit_fail": {"executed_lines": [39, 40, 41], "summary": {"covered_lines": 3, "num_statements": 3, "percent_covered": 100.0, "percent_covered_display": "100", "missing_lines": 0, "excluded_lines": 0, "percent_statements_covered": 100.0, "percent_statements_covered_display": "100"}, "missing_lines": [], "excluded_lines": [], "start_line": 37}, "TestInjectionTests.test_audit_injection_framework": {"executed_lines": [45, 46, 47, 48, 49], "summary": {"covered_lines": 5, "num_statements": 5, "percent_covered": 100.0, "percent_covered_display": "100", "missing_lines": 0, "excluded_lines": 0, "percent_statements_covered": 100.0, "percent_statements_covered_display": "100"}, "missing_lines": [], "excluded_lines": [], "start_line": 43}, "TestInjectionTests.test_test_structure": {"executed_lines": [53, 54, 55, 56, 57], "summary": {"covered_lines": 5, "num_statements": 5, "percent_covered": 100.0, "percent_covered_display": "100", "missing_lines": 0, "excluded_lines": 0, "percent_statements_covered": 100.0, "percent_statements_covered_display": "100"}, "missing_lines": [], "excluded_lines": [], "start_line": 51}, "": {"executed_lines": [5, 6, 12, 14, 20, 25, 31, 37, 43, 51, 60], "summary": {"covered_lines": 11, "num_statements": 12, "percent_covered": 91.66666666666667, "percent_covered_display": "92", "missing_lines": 1, "excluded_lines": 0, "percent_statements_covered": 91.66666666666667, "percent_statements_covered_display": "92"}, "missing_lines": [61], "excluded_lines": [], "start_line": 1}}, "classes": {"TestInjectionTests": {"executed_lines": [16, 17, 18, 22, 23, 27, 28, 29, 33, 34, 35, 39, 40, 41, 45, 46, 47, 48, 49, 53, 54, 55, 56, 57], "summary": {"covered_lines": 24, "num_statements": 24, "percent_covered": 100.0, "percent_covered_display": "100", "missing_lines": 0, "excluded_lines": 0, "percent_statements_covered": 100.0, "percent_statements_covered_display": "100"}, "missing_lines": [], "excluded_lines": [], "start_line": 12}, "": {"executed_lines": [5, 6, 12, 14, 20, 25, 31, 37, 43, 51, 60], "summary": {"covered_lines": 11, "num_statements": 12, "percent_covered": 91.66666666666667, "percent_covered_display": "92", "missing_lines": 1, "excluded_lines": 0, "percent_statements_covered": 91.66666666666667, "percent_statements_covered_display": "92"}, "missing_lines": [61], "excluded_lines": [], "start_line": 1}}}}, "totals": {"covered_lines": 1080, "num_statements": 1780, "percent_covered": 60.674157303370784, "percent_covered_display": "61", "missing_lines": 700, "excluded_lines": 0, "percent_statements_covered": 60.674157303370784, "percent_statements_covered_display": "61"}}